<?xml version="1.0" encoding="UTF-8"?>
<robot generator="Robot 6.1.1 (Python 3.10.12 on win32)" generated="20241209 15:14:44.826" rpa="false" schemaversion="4">
<suite id="s1" name="Robots" source="c:\QA\fx-gui-11\robots">
<kw name="Suite setup" type="SETUP">
<kw name="New Browser" library="Browser">
<arg>browser=chromium</arg>
<arg>headless=false</arg>
<arg>slowMo=1ms</arg>
<tag>BrowserControl</tag>
<tag>Setter</tag>
<doc>Create a new playwright Browser with specified options.</doc>
<msg timestamp="20241209 15:14:45.138" level="INFO">{"browser": "chromium", "headless": false, "chromiumSandbox": false, "devtools": false, "handleSIGHUP": true, "handleSIGINT": true, "handleSIGTERM": true, "slowMo": 1.0, "timeout": 30000.0, "tracesDir": "C:\\QA\\fx-gui-11\\browser\\traces\\640f93e0-6782-40c5-941d-1bb7daee3444"}</msg>
<msg timestamp="20241209 15:14:45.171" level="INFO">Starting Browser process c:\python310\lib\site-packages\Browser\wrapper\index.js using port 65464</msg>
<msg timestamp="20241209 15:14:45.172" level="INFO">Node startup parameters: ['node', 'c:\\python310\\lib\\site-packages\\Browser\\wrapper\\index.js', '65464']</msg>
<msg timestamp="20241209 15:14:46.583" level="INFO">Successfully created browser with options: {"browser":"chromium","headless":false,"chromiumSandbox":false,"devtools":false,"handleSIGHUP":true,"handleSIGINT":true,"handleSIGTERM":true,"slowMo":1,"timeout":30000,"tracesDir":"C:\\QA\\fx-gui-11\\browser\\traces\\640f93e0-6782-40c5-941d-1bb7daee3444"}</msg>
<status status="PASS" starttime="20241209 15:14:45.137" endtime="20241209 15:14:46.583"/>
</kw>
<kw name="New Context" library="Browser">
<arg>viewport={'width': 1920, 'height': 1000}</arg>
<arg>screen={'width': 1600, 'height': 900}</arg>
<tag>BrowserControl</tag>
<tag>Setter</tag>
<doc>Create a new BrowserContext with specified options.</doc>
<msg timestamp="20241209 15:14:46.588" level="INFO">{
  "acceptDownloads": true,
  "bypassCSP": false,
  "forcedColors": "none",
  "ignoreHTTPSErrors": false,
  "javaScriptEnabled": true,
  "offline": false,
  "reducedMotion": "no-preference",
  "screen": {
    "width": 1600,
    "height": 900
  },
  "serviceWorkers": "allow",
  "viewport": {
    "height": 1000,
    "width": 1920
  }
}</msg>
<msg timestamp="20241209 15:14:46.616" level="INFO">Successfully created context. </msg>
<msg timestamp="20241209 15:14:46.617" level="INFO">{'acceptDownloads': True, 'bypassCSP': False, 'forcedColors': 'none', 'ignoreHTTPSErrors': False, 'javaScriptEnabled': True, 'offline': False, 'reducedMotion': 'no-preference', 'screen': {'width': 1600, 'height': 900}, 'serviceWorkers': 'allow', 'viewport': {'height': 1000, 'width': 1920}}</msg>
<status status="PASS" starttime="20241209 15:14:46.584" endtime="20241209 15:14:46.617"/>
</kw>
<kw name="Populate environment">
<kw name="Set Global Variable" library="BuiltIn">
<arg>${RESOURCES}</arg>
<arg>c:\\QA\\fx-gui-11\\robots\\..\\resources</arg>
<doc>Makes a variable available globally in all tests and suites.</doc>
<msg timestamp="20241209 15:14:46.622" level="INFO">${RESOURCES} = c:\QA\fx-gui-11\robots\..\resources</msg>
<status status="PASS" starttime="20241209 15:14:46.619" endtime="20241209 15:14:46.622"/>
</kw>
<kw name="Log To Console" library="BuiltIn">
<arg>Setting global variables from ${target_config}</arg>
<doc>Logs the given message to the console.</doc>
<status status="PASS" starttime="20241209 15:14:46.623" endtime="20241209 15:14:46.626"/>
</kw>
<kw name="Get Variables From File" library="get_variables">
<var>${items}</var>
<arg>c:\\QA\\fx-gui-11\\targetconfig.json</arg>
<doc>Get variables from the file and return them in dictionary.
Parses string patterns like "TARGET_FRONTEND_IP": "10.78.185.23"</doc>
<msg timestamp="20241209 15:14:46.629" level="INFO">${items} = {'TARGET_USER': 'system', 'TARGET_USER_PASSWORD': '24680', 'TARGET_FRONTEND_IP': '10.100.1.199', 'TARGET_FRONTEND_PORT': '80'}</msg>
<status status="PASS" starttime="20241209 15:14:46.626" endtime="20241209 15:14:46.629"/>
</kw>
<for flavor="IN">
<var>${key}</var>
<var>${value}</var>
<value>&amp;{items}</value>
<iter>
<var name="${key}">TARGET_USER</var>
<var name="${value}">system</var>
<kw name="Set Global Variable" library="BuiltIn">
<arg>${${key}}</arg>
<arg>${value}</arg>
<doc>Makes a variable available globally in all tests and suites.</doc>
<msg timestamp="20241209 15:14:46.635" level="INFO">${TARGET_USER} = system</msg>
<status status="PASS" starttime="20241209 15:14:46.632" endtime="20241209 15:14:46.635"/>
</kw>
<kw name="Log To Console" library="BuiltIn">
<arg>${key} = ${value}</arg>
<doc>Logs the given message to the console.</doc>
<status status="PASS" starttime="20241209 15:14:46.636" endtime="20241209 15:14:46.638"/>
</kw>
<status status="PASS" starttime="20241209 15:14:46.631" endtime="20241209 15:14:46.638"/>
</iter>
<iter>
<var name="${key}">TARGET_USER_PASSWORD</var>
<var name="${value}">24680</var>
<kw name="Set Global Variable" library="BuiltIn">
<arg>${${key}}</arg>
<arg>${value}</arg>
<doc>Makes a variable available globally in all tests and suites.</doc>
<msg timestamp="20241209 15:14:46.641" level="INFO">${TARGET_USER_PASSWORD} = 24680</msg>
<status status="PASS" starttime="20241209 15:14:46.639" endtime="20241209 15:14:46.641"/>
</kw>
<kw name="Log To Console" library="BuiltIn">
<arg>${key} = ${value}</arg>
<doc>Logs the given message to the console.</doc>
<status status="PASS" starttime="20241209 15:14:46.642" endtime="20241209 15:14:46.643"/>
</kw>
<status status="PASS" starttime="20241209 15:14:46.639" endtime="20241209 15:14:46.643"/>
</iter>
<iter>
<var name="${key}">TARGET_FRONTEND_IP</var>
<var name="${value}">10.100.1.199</var>
<kw name="Set Global Variable" library="BuiltIn">
<arg>${${key}}</arg>
<arg>${value}</arg>
<doc>Makes a variable available globally in all tests and suites.</doc>
<msg timestamp="20241209 15:14:46.647" level="INFO">${TARGET_FRONTEND_IP} = 10.100.1.199</msg>
<status status="PASS" starttime="20241209 15:14:46.645" endtime="20241209 15:14:46.648"/>
</kw>
<kw name="Log To Console" library="BuiltIn">
<arg>${key} = ${value}</arg>
<doc>Logs the given message to the console.</doc>
<status status="PASS" starttime="20241209 15:14:46.648" endtime="20241209 15:14:46.649"/>
</kw>
<status status="PASS" starttime="20241209 15:14:46.644" endtime="20241209 15:14:46.649"/>
</iter>
<iter>
<var name="${key}">TARGET_FRONTEND_PORT</var>
<var name="${value}">80</var>
<kw name="Set Global Variable" library="BuiltIn">
<arg>${${key}}</arg>
<arg>${value}</arg>
<doc>Makes a variable available globally in all tests and suites.</doc>
<msg timestamp="20241209 15:14:46.652" level="INFO">${TARGET_FRONTEND_PORT} = 80</msg>
<status status="PASS" starttime="20241209 15:14:46.650" endtime="20241209 15:14:46.652"/>
</kw>
<kw name="Log To Console" library="BuiltIn">
<arg>${key} = ${value}</arg>
<doc>Logs the given message to the console.</doc>
<status status="PASS" starttime="20241209 15:14:46.653" endtime="20241209 15:14:46.654"/>
</kw>
<status status="PASS" starttime="20241209 15:14:46.650" endtime="20241209 15:14:46.654"/>
</iter>
<status status="PASS" starttime="20241209 15:14:46.630" endtime="20241209 15:14:46.654"/>
</for>
<status status="PASS" starttime="20241209 15:14:46.618" endtime="20241209 15:14:46.655"/>
</kw>
<status status="PASS" starttime="20241209 15:14:45.136" endtime="20241209 15:14:46.655"/>
</kw>
<suite id="s1-s1" name="Settings System Device" source="c:\QA\fx-gui-11\robots\settings_system_device.robot">
<kw name="Settings tab system settings page" type="SETUP">
<kw name="Go to login page" library="navigate">
<kw name="New Browser" library="Browser">
<var>${first_browser}</var>
<arg>browser=chromium</arg>
<arg>headless=${False}</arg>
<arg>slowMo=250ms</arg>
<tag>BrowserControl</tag>
<tag>Setter</tag>
<doc>Create a new playwright Browser with specified options.</doc>
<msg timestamp="20241209 15:14:48.285" level="INFO">{"browser": "chromium", "headless": false, "chromiumSandbox": false, "devtools": false, "handleSIGHUP": true, "handleSIGINT": true, "handleSIGTERM": true, "slowMo": 250.0, "timeout": 30000.0, "tracesDir": "C:\\QA\\fx-gui-11\\browser\\traces\\5ad3f8d2-8775-4506-bb17-4c4892530469"}</msg>
<msg timestamp="20241209 15:14:48.638" level="INFO">Successfully created browser with options: {"browser":"chromium","headless":false,"chromiumSandbox":false,"devtools":false,"handleSIGHUP":true,"handleSIGINT":true,"handleSIGTERM":true,"slowMo":250,"timeout":30000,"tracesDir":"C:\\QA\\fx-gui-11\\browser\\traces\\5ad3f8d2-8775-4506-bb17-4c4892530469"}</msg>
<msg timestamp="20241209 15:14:48.639" level="INFO">${first_browser} = browser=4eb95f97-31f8-4e40-904e-af5d70312ce2</msg>
<status status="PASS" starttime="20241209 15:14:48.284" endtime="20241209 15:14:48.639"/>
</kw>
<kw name="New Context" library="Browser">
<var>${first_context}</var>
<arg>viewport={'width': 1920, 'height': 1000}</arg>
<arg>deviceScaleFactor=0.7</arg>
<tag>BrowserControl</tag>
<tag>Setter</tag>
<doc>Create a new BrowserContext with specified options.</doc>
<msg timestamp="20241209 15:14:48.642" level="INFO">{
  "acceptDownloads": true,
  "bypassCSP": false,
  "deviceScaleFactor": 0.7,
  "forcedColors": "none",
  "ignoreHTTPSErrors": false,
  "javaScriptEnabled": true,
  "offline": false,
  "reducedMotion": "no-preference",
  "serviceWorkers": "allow",
  "viewport": {
    "height": 1000,
    "width": 1920
  }
}</msg>
<msg timestamp="20241209 15:14:48.663" level="INFO">Successfully created context. </msg>
<msg timestamp="20241209 15:14:48.664" level="INFO">{'acceptDownloads': True, 'bypassCSP': False, 'deviceScaleFactor': 0.7, 'forcedColors': 'none', 'ignoreHTTPSErrors': False, 'javaScriptEnabled': True, 'offline': False, 'reducedMotion': 'no-preference', 'serviceWorkers': 'allow', 'viewport': {'height': 1000, 'width': 1920}}</msg>
<msg timestamp="20241209 15:14:48.664" level="INFO">${first_context} = context=74ec52cc-e416-404e-bccb-47465e75e719</msg>
<status status="PASS" starttime="20241209 15:14:48.640" endtime="20241209 15:14:48.664"/>
</kw>
<kw name="Set Browser Timeout" library="Browser">
<arg>10s</arg>
<tag>Config</tag>
<tag>Setter</tag>
<doc>Sets the timeout used by most input and getter keywords.</doc>
<status status="PASS" starttime="20241209 15:14:48.665" endtime="20241209 15:14:48.667"/>
</kw>
<kw name="New Page" library="Browser">
<arg>http://${TARGET_FRONTEND_IP}:${TARGET_FRONTEND_PORT}</arg>
<tag>BrowserControl</tag>
<tag>Setter</tag>
<doc>Open a new Page.</doc>
<msg timestamp="20241209 15:14:51.365" level="INFO">Successfully initialized new page object and opened url: http://10.100.1.199:80</msg>
<status status="PASS" starttime="20241209 15:14:48.668" endtime="20241209 15:14:51.366"/>
</kw>
<status status="PASS" starttime="20241209 15:14:48.283" endtime="20241209 15:14:51.367"/>
</kw>
<kw name="Login with credentials" library="login">
<arg>${user}</arg>
<arg>${user_password}</arg>
<doc>This keyword will login to the application with the given credentials.
This only works if we are in the login page.</doc>
<kw name="Fill text to username field" library="login">
<arg>${username}</arg>
<doc>This keyword will input text to username field</doc>
<kw name="Fill Text" library="Browser">
<arg>${selector_username_field}</arg>
<arg>${username}</arg>
<tag>PageContent</tag>
<tag>Setter</tag>
<doc>Clears and fills the given ``txt`` into the text field found by ``selector``.</doc>
<msg timestamp="20241209 15:14:51.371" level="INFO">Fills the text 'system' in the given field.</msg>
<status status="PASS" starttime="20241209 15:14:51.370" endtime="20241209 15:14:51.673"/>
</kw>
<status status="PASS" starttime="20241209 15:14:51.369" endtime="20241209 15:14:51.673"/>
</kw>
<kw name="Fill text to password field" library="login">
<arg>${password}</arg>
<doc>This keyword will input text to password field</doc>
<kw name="Fill Text" library="Browser">
<arg>${selector_password_field}</arg>
<arg>${password}</arg>
<tag>PageContent</tag>
<tag>Setter</tag>
<doc>Clears and fills the given ``txt`` into the text field found by ``selector``.</doc>
<msg timestamp="20241209 15:14:51.675" level="INFO">Fills the text '24680' in the given field.</msg>
<status status="PASS" starttime="20241209 15:14:51.674" endtime="20241209 15:14:51.945"/>
</kw>
<status status="PASS" starttime="20241209 15:14:51.673" endtime="20241209 15:14:51.945"/>
</kw>
<kw name="Click login button" library="login">
<kw name="Click" library="Browser">
<arg>${selector_login_button}</arg>
<tag>PageContent</tag>
<tag>Setter</tag>
<doc>Simulates mouse click on the element found by ``selector``.</doc>
<msg timestamp="20241209 15:14:51.947" level="INFO">Clicks the element 'xpath=//button[@class="login_button"]'.</msg>
<status status="PASS" starttime="20241209 15:14:51.946" endtime="20241209 15:14:52.234"/>
</kw>
<status status="PASS" starttime="20241209 15:14:51.946" endtime="20241209 15:14:52.235"/>
</kw>
<kw name="Validate logged in" library="login">
<kw name="Wait For Elements State" library="Browser">
<arg>${selector_topbar}</arg>
<arg>visible</arg>
<arg>2s</arg>
<tag>PageContent</tag>
<tag>Wait</tag>
<doc>Waits for the element found by ``selector`` to satisfy state option.</doc>
<msg timestamp="20241209 15:14:52.249" level="INFO">Waited for Element with selector xpath=//mat-toolbar[@id='header'] at state visible</msg>
<status status="PASS" starttime="20241209 15:14:52.237" endtime="20241209 15:14:52.250"/>
</kw>
<status status="PASS" starttime="20241209 15:14:52.236" endtime="20241209 15:14:52.250"/>
</kw>
<status status="PASS" starttime="20241209 15:14:51.367" endtime="20241209 15:14:52.250"/>
</kw>
<kw name="Go to system settings" library="navigate">
<kw name="Go to settings" library="navigate">
<kw name="Click" library="Browser">
<arg>${selector_navbar_settings}</arg>
<tag>PageContent</tag>
<tag>Setter</tag>
<doc>Simulates mouse click on the element found by ``selector``.</doc>
<msg timestamp="20241209 15:14:52.253" level="INFO">Clicks the element 'xpath=//a[@routerlink='/main/settings']'.</msg>
<status status="PASS" starttime="20241209 15:14:52.252" endtime="20241209 15:14:52.566"/>
</kw>
<kw name="Wait For Elements State" library="Browser">
<arg>${selector_settings_visible}</arg>
<arg>visible</arg>
<tag>PageContent</tag>
<tag>Wait</tag>
<doc>Waits for the element found by ``selector`` to satisfy state option.</doc>
<msg timestamp="20241209 15:14:52.695" level="INFO">Waited for Element with selector xpath=//div[@class='top_menu']//app-settings-top-menu at state visible</msg>
<status status="PASS" starttime="20241209 15:14:52.567" endtime="20241209 15:14:52.696"/>
</kw>
<status status="PASS" starttime="20241209 15:14:52.251" endtime="20241209 15:14:52.696"/>
</kw>
<kw name="Click" library="Browser">
<arg>${selector_settings_system}</arg>
<tag>PageContent</tag>
<tag>Setter</tag>
<doc>Simulates mouse click on the element found by ``selector``.</doc>
<msg timestamp="20241209 15:14:52.698" level="INFO">Clicks the element 'xpath=//div[@data-qa-id='settings-top-menu-system']'.</msg>
<status status="PASS" starttime="20241209 15:14:52.697" endtime="20241209 15:14:53.181"/>
</kw>
<status status="PASS" starttime="20241209 15:14:52.251" endtime="20241209 15:14:53.182"/>
</kw>
<status status="PASS" starttime="20241209 15:14:48.282" endtime="20241209 15:14:53.182"/>
</kw>
<test id="s1-s1-t1" name="Open settings system sevice tab and check content" line="69">
<kw name="Wait For Elements State" library="Browser">
<arg>${selector_settings_system_device_settings_header}</arg>
<arg>visible</arg>
<arg>1s</arg>
<tag>PageContent</tag>
<tag>Wait</tag>
<doc>Waits for the element found by ``selector`` to satisfy state option.</doc>
<msg timestamp="20241209 15:14:53.198" level="INFO">Waited for Element with selector xpath=//div[@class="sub_settings_toolbar ng-star-inserted"] at state visible</msg>
<status status="PASS" starttime="20241209 15:14:53.191" endtime="20241209 15:14:53.199"/>
</kw>
<kw name="Get Text" library="Browser">
<var>${settings_header_text}</var>
<arg>${selector_settings_system_device_settings_header}</arg>
<tag>Assertion</tag>
<tag>Getter</tag>
<tag>PageContent</tag>
<doc>Returns text attribute of the element found by ``selector``.</doc>
<msg timestamp="20241209 15:14:53.235" level="INFO">Text: 'Device settings'</msg>
<msg timestamp="20241209 15:14:53.236" level="INFO">${settings_header_text} = Device settings</msg>
<status status="PASS" starttime="20241209 15:14:53.200" endtime="20241209 15:14:53.236"/>
</kw>
<kw name="Log To Console" library="BuiltIn">
<arg>Text in header: ${settings_header_text}</arg>
<doc>Logs the given message to the console.</doc>
<status status="PASS" starttime="20241209 15:14:53.237" endtime="20241209 15:14:53.238"/>
</kw>
<kw name="Input Value With Restricted Symbols To Input Save And Read Back">
<arg>${selector_settings_system_device_settings_device_name_input}</arg>
<arg>${DEVICE_NAME_VALUES[1]}</arg>
<arg>${RESTRICTED_SYMBOLS[0]}</arg>
<arg>0</arg>
<kw name="Clear Text" library="Browser">
<arg>selector=${xpath}</arg>
<tag>PageContent</tag>
<tag>Setter</tag>
<doc>Clears the text field found by ``selector``.</doc>
<status status="PASS" starttime="20241209 15:14:53.253" endtime="20241209 15:14:53.525"/>
</kw>
<kw name="Add Symbol To Value At Place">
<var>${value_with_symbol}</var>
<arg>${value}</arg>
<arg>${symbol}</arg>
<arg>${place}</arg>
<kw name="Set Variable" library="BuiltIn">
<var>${insert_index}</var>
<arg>${place}</arg>
<doc>Returns the given values which can then be assigned to a variables.</doc>
<msg timestamp="20241209 15:14:53.527" level="INFO">${insert_index} = 0</msg>
<status status="PASS" starttime="20241209 15:14:53.527" endtime="20241209 15:14:53.528"/>
</kw>
<kw name="Insert String">
<var>${new_value}</var>
<arg>${value}</arg>
<arg>${symbol}</arg>
<arg>${insert_index}</arg>
<kw name="Set Variable" library="BuiltIn">
<var>${result}</var>
<arg>${original}[0:${index}]${insert}${original}[${index}:]</arg>
<doc>Returns the given values which can then be assigned to a variables.</doc>
<msg timestamp="20241209 15:14:53.530" level="INFO">${result} = -abcd1234</msg>
<status status="PASS" starttime="20241209 15:14:53.529" endtime="20241209 15:14:53.530"/>
</kw>
<msg timestamp="20241209 15:14:53.530" level="INFO">${new_value} = -abcd1234</msg>
<status status="PASS" starttime="20241209 15:14:53.528" endtime="20241209 15:14:53.530"/>
</kw>
<msg timestamp="20241209 15:14:53.531" level="INFO">${value_with_symbol} = -abcd1234</msg>
<status status="PASS" starttime="20241209 15:14:53.526" endtime="20241209 15:14:53.531"/>
</kw>
<kw name="Type Text" library="Browser">
<arg>selector=${xpath}</arg>
<arg>txt=${value_with_symbol}</arg>
<tag>PageContent</tag>
<tag>Setter</tag>
<doc>Types the given ``txt`` into the text field found by ``selector``.</doc>
<msg timestamp="20241209 15:14:53.532" level="INFO">Types the text '-abcd1234' in the given field.</msg>
<status status="PASS" starttime="20241209 15:14:53.531" endtime="20241209 15:14:54.088"/>
</kw>
<kw name="Log To Console" library="BuiltIn">
<arg>Trying to type in text: "${value}"\n</arg>
<doc>Logs the given message to the console.</doc>
<status status="PASS" starttime="20241209 15:14:54.089" endtime="20241209 15:14:54.090"/>
</kw>
<kw name="Run Keyword And Return Status" library="BuiltIn">
<var>${dialog_visible}</var>
<arg>Browser.Wait For Elements State</arg>
<arg>${selector_settings_system_device_settings_notification_dialog}</arg>
<arg>visible</arg>
<arg>2s</arg>
<doc>Runs the given keyword with given arguments and returns the status as a Boolean value.</doc>
<kw name="Wait For Elements State" library="Browser">
<arg>${selector_settings_system_device_settings_notification_dialog}</arg>
<arg>visible</arg>
<arg>2s</arg>
<tag>PageContent</tag>
<tag>Wait</tag>
<doc>Waits for the element found by ``selector`` to satisfy state option.</doc>
<msg timestamp="20241209 15:14:56.463" level="INFO" html="true">&lt;/td&gt;&lt;/tr&gt;&lt;tr&gt;&lt;td colspan="3"&gt;&lt;a href="browser/screenshot/fail-screenshot-1.png" target="_blank"&gt;&lt;img src="browser/screenshot/fail-screenshot-1.png" width="800px"/&gt;&lt;/a&gt;</msg>
<msg timestamp="20241209 15:14:56.464" level="INFO">See also file:///C:/QA/fx-gui-11/playwright-log.txt for additional details.</msg>
<msg timestamp="20241209 15:14:56.464" level="FAIL">TimeoutError: locator.waitFor: Timeout 2000ms exceeded.
Call log:
  - waiting for locator('//div[contains(@class, \'cdk-overlay-pane\') and contains(@class, \'custom-dialog-container\')]/mat-dialog-container') to be visible
</msg>
<status status="FAIL" starttime="20241209 15:14:54.091" endtime="20241209 15:14:56.468"/>
</kw>
<msg timestamp="20241209 15:14:56.469" level="INFO">${dialog_visible} = False</msg>
<status status="PASS" starttime="20241209 15:14:54.091" endtime="20241209 15:14:56.469"/>
</kw>
<if>
<branch type="IF" condition="$dialog_visible">
<kw name="Click" library="Browser">
<arg>${selector_settings_system_device_settings_notification_dialog_close_btn}</arg>
<tag>PageContent</tag>
<tag>Setter</tag>
<doc>Simulates mouse click on the element found by ``selector``.</doc>
<status status="NOT RUN" starttime="20241209 15:14:56.475" endtime="20241209 15:14:56.475"/>
</kw>
<status status="NOT RUN" starttime="20241209 15:14:56.469" endtime="20241209 15:14:56.475"/>
</branch>
<status status="PASS" starttime="20241209 15:14:56.469" endtime="20241209 15:14:56.476"/>
</if>
<kw name="Run Keyword And Return Status" library="BuiltIn">
<var>${save_enabled}</var>
<arg>Browser.Wait For Elements State</arg>
<arg>${selector_settings_system_device_settings_save_button_enabled}</arg>
<arg>visible</arg>
<arg>1s</arg>
<doc>Runs the given keyword with given arguments and returns the status as a Boolean value.</doc>
<kw name="Wait For Elements State" library="Browser">
<arg>${selector_settings_system_device_settings_save_button_enabled}</arg>
<arg>visible</arg>
<arg>1s</arg>
<tag>PageContent</tag>
<tag>Wait</tag>
<doc>Waits for the element found by ``selector`` to satisfy state option.</doc>
<msg timestamp="20241209 15:14:56.485" level="INFO">Waited for Element with selector xpath=//button[@data-qa-id='settings-system-device-save-button' and contains(@class, 'active')] at state visible</msg>
<status status="PASS" starttime="20241209 15:14:56.477" endtime="20241209 15:14:56.485"/>
</kw>
<msg timestamp="20241209 15:14:56.486" level="INFO">${save_enabled} = True</msg>
<status status="PASS" starttime="20241209 15:14:56.476" endtime="20241209 15:14:56.486"/>
</kw>
<if>
<branch type="IF" condition="$save_enabled">
<kw name="Click" library="Browser">
<arg>${selector_settings_system_device_settings_save_button_enabled}</arg>
<tag>PageContent</tag>
<tag>Setter</tag>
<doc>Simulates mouse click on the element found by ``selector``.</doc>
<msg timestamp="20241209 15:14:56.489" level="INFO">Clicks the element 'xpath=//button[@data-qa-id='settings-system-device-save-button' and contains(@class, 'active')]'.</msg>
<status status="PASS" starttime="20241209 15:14:56.488" endtime="20241209 15:14:56.797"/>
</kw>
<kw name="Run Keyword And Return Status" library="BuiltIn">
<var>${dialog_visible}</var>
<arg>Browser.Wait For Elements State</arg>
<arg>${selector_settings_system_device_settings_notification_dialog}</arg>
<arg>visible</arg>
<arg>2s</arg>
<doc>Runs the given keyword with given arguments and returns the status as a Boolean value.</doc>
<kw name="Wait For Elements State" library="Browser">
<arg>${selector_settings_system_device_settings_notification_dialog}</arg>
<arg>visible</arg>
<arg>2s</arg>
<tag>PageContent</tag>
<tag>Wait</tag>
<doc>Waits for the element found by ``selector`` to satisfy state option.</doc>
<msg timestamp="20241209 15:14:58.962" level="INFO" html="true">&lt;/td&gt;&lt;/tr&gt;&lt;tr&gt;&lt;td colspan="3"&gt;&lt;a href="browser/screenshot/fail-screenshot-2.png" target="_blank"&gt;&lt;img src="browser/screenshot/fail-screenshot-2.png" width="800px"/&gt;&lt;/a&gt;</msg>
<msg timestamp="20241209 15:14:58.962" level="INFO">See also file:///C:/QA/fx-gui-11/playwright-log.txt for additional details.</msg>
<msg timestamp="20241209 15:14:58.963" level="FAIL">TimeoutError: locator.waitFor: Timeout 2000ms exceeded.
Call log:
  - waiting for locator('//div[contains(@class, \'cdk-overlay-pane\') and contains(@class, \'custom-dialog-container\')]/mat-dialog-container') to be visible
</msg>
<status status="FAIL" starttime="20241209 15:14:56.798" endtime="20241209 15:14:58.964"/>
</kw>
<msg timestamp="20241209 15:14:58.965" level="INFO">${dialog_visible} = False</msg>
<status status="PASS" starttime="20241209 15:14:56.797" endtime="20241209 15:14:58.965"/>
</kw>
<if>
<branch type="IF" condition="$dialog_visible">
<kw name="Click" library="Browser">
<arg>${selector_settings_system_device_settings_notification_dialog_close_btn}</arg>
<tag>PageContent</tag>
<tag>Setter</tag>
<doc>Simulates mouse click on the element found by ``selector``.</doc>
<status status="NOT RUN" starttime="20241209 15:14:58.966" endtime="20241209 15:14:58.966"/>
</kw>
<status status="NOT RUN" starttime="20241209 15:14:58.965" endtime="20241209 15:14:58.966"/>
</branch>
<status status="PASS" starttime="20241209 15:14:58.965" endtime="20241209 15:14:58.967"/>
</if>
<kw name="Set Variable" library="BuiltIn">
<var>${calling_message}</var>
<arg>Setting ${xpath} with ${value}</arg>
<doc>Returns the given values which can then be assigned to a variables.</doc>
<msg timestamp="20241209 15:14:58.968" level="INFO">${calling_message} = Setting xpath=//input[@data-qa-id='settings-system-device-station-name'] with abcd1234</msg>
<status status="PASS" starttime="20241209 15:14:58.967" endtime="20241209 15:14:58.968"/>
</kw>
<kw name="Check Snackbar And Return Messages">
<var>${snackbar_status}</var>
<arg>calling_message=${calling_message}</arg>
<kw name="Run Keyword And Return Status" library="BuiltIn">
<var>${snackbar_visible}</var>
<arg>Browser.Wait For Elements State</arg>
<arg>${selector_settings_system_device_settings_device_snackbar_container}</arg>
<arg>visible</arg>
<arg>1s</arg>
<doc>Runs the given keyword with given arguments and returns the status as a Boolean value.</doc>
<kw name="Wait For Elements State" library="Browser">
<arg>${selector_settings_system_device_settings_device_snackbar_container}</arg>
<arg>visible</arg>
<arg>1s</arg>
<tag>PageContent</tag>
<tag>Wait</tag>
<doc>Waits for the element found by ``selector`` to satisfy state option.</doc>
<msg timestamp="20241209 15:14:58.979" level="INFO">Waited for Element with selector xpath=//div[contains(@class, 'snackbar-container')] at state visible</msg>
<status status="PASS" starttime="20241209 15:14:58.970" endtime="20241209 15:14:58.979"/>
</kw>
<msg timestamp="20241209 15:14:58.980" level="INFO">${snackbar_visible} = True</msg>
<status status="PASS" starttime="20241209 15:14:58.969" endtime="20241209 15:14:58.980"/>
</kw>
<if>
<branch type="IF" condition="$snackbar_visible">
<kw name="Get Text" library="Browser">
<var>${snackbar_left_message}</var>
<arg>${selector_settings_system_device_settings_device_snackbar_left_message}</arg>
<tag>Assertion</tag>
<tag>Getter</tag>
<tag>PageContent</tag>
<doc>Returns text attribute of the element found by ``selector``.</doc>
<msg timestamp="20241209 15:14:59.002" level="INFO">Text: 'Device settings updated'</msg>
<msg timestamp="20241209 15:14:59.003" level="INFO">${snackbar_left_message} = Device settings updated</msg>
<status status="PASS" starttime="20241209 15:14:58.981" endtime="20241209 15:14:59.003"/>
</kw>
<kw name="Get Text" library="Browser">
<var>${snackbar_action_message}</var>
<arg>${selector_settings_system_device_settings_device_snackbar_action_message}</arg>
<tag>Assertion</tag>
<tag>Getter</tag>
<tag>PageContent</tag>
<doc>Returns text attribute of the element found by ``selector``.</doc>
<msg timestamp="20241209 15:14:59.021" level="INFO">Text: 'Success'</msg>
<msg timestamp="20241209 15:14:59.021" level="INFO">${snackbar_action_message} = Success</msg>
<status status="PASS" starttime="20241209 15:14:59.004" endtime="20241209 15:14:59.021"/>
</kw>
<kw name="Return From Keyword" library="BuiltIn">
<arg>After "${calling_message}" Snackbar left message: "${snackbar_left_message}"; action message: "${snackbar_action_message}"\n</arg>
<doc>Returns from the enclosing user keyword.</doc>
<msg timestamp="20241209 15:14:59.022" level="INFO">Returning from the enclosing user keyword.</msg>
<status status="PASS" starttime="20241209 15:14:59.022" endtime="20241209 15:14:59.023"/>
</kw>
<status status="PASS" starttime="20241209 15:14:58.981" endtime="20241209 15:14:59.023"/>
</branch>
<branch type="ELSE">
<kw name="Return From Keyword" library="BuiltIn">
<arg>After "${calling_message}" Snackbar is not visible\n</arg>
<doc>Returns from the enclosing user keyword.</doc>
<status status="NOT RUN" starttime="20241209 15:14:59.024" endtime="20241209 15:14:59.024"/>
</kw>
<status status="NOT RUN" starttime="20241209 15:14:59.023" endtime="20241209 15:14:59.024"/>
</branch>
<status status="PASS" starttime="20241209 15:14:58.980" endtime="20241209 15:14:59.024"/>
</if>
<msg timestamp="20241209 15:14:59.025" level="INFO">${snackbar_status} = After "Setting xpath=//input[@data-qa-id='settings-system-device-station-name'] with abcd1234" Snackbar left message: "Device settings updated"; action message: "Success"
</msg>
<status status="PASS" starttime="20241209 15:14:58.968" endtime="20241209 15:14:59.025"/>
</kw>
<kw name="Log To Console" library="BuiltIn">
<arg>${snackbar_status}</arg>
<doc>Logs the given message to the console.</doc>
<status status="PASS" starttime="20241209 15:14:59.025" endtime="20241209 15:14:59.026"/>
</kw>
<kw name="Get Text" library="Browser">
<var>${check_text_is_same}</var>
<arg>selector=${xpath}</arg>
<tag>Assertion</tag>
<tag>Getter</tag>
<tag>PageContent</tag>
<doc>Returns text attribute of the element found by ``selector``.</doc>
<msg timestamp="20241209 15:14:59.044" level="INFO">Text: 'XABCD1234'</msg>
<msg timestamp="20241209 15:14:59.044" level="INFO">${check_text_is_same} = XABCD1234</msg>
<status status="PASS" starttime="20241209 15:14:59.027" endtime="20241209 15:14:59.044"/>
</kw>
<kw name="Convert To Upper Case" library="String">
<var>${uppercase_value}</var>
<arg>${value_with_symbol}</arg>
<doc>Converts string to upper case.</doc>
<msg timestamp="20241209 15:14:59.045" level="INFO">${uppercase_value} = -ABCD1234</msg>
<status status="PASS" starttime="20241209 15:14:59.045" endtime="20241209 15:14:59.046"/>
</kw>
<kw name="Get Length" library="BuiltIn">
<var>${entered_length}</var>
<arg>${value_with_symbol}</arg>
<doc>Returns and logs the length of the given item as an integer.</doc>
<msg timestamp="20241209 15:14:59.046" level="INFO">Length is 9</msg>
<msg timestamp="20241209 15:14:59.047" level="INFO">${entered_length} = 9</msg>
<status status="PASS" starttime="20241209 15:14:59.046" endtime="20241209 15:14:59.047"/>
</kw>
<kw name="Get Length" library="BuiltIn">
<var>${displayed_length}</var>
<arg>${check_text_is_same}</arg>
<doc>Returns and logs the length of the given item as an integer.</doc>
<msg timestamp="20241209 15:14:59.048" level="INFO">Length is 9</msg>
<msg timestamp="20241209 15:14:59.048" level="INFO">${displayed_length} = 9</msg>
<status status="PASS" starttime="20241209 15:14:59.047" endtime="20241209 15:14:59.048"/>
</kw>
<if>
<branch type="IF" condition="$check_text_is_same == $uppercase_value">
<kw name="Log To Console" library="BuiltIn">
<arg>Entered text "${value_with_symbol}" \(${entered_length}\) is accepted and displayed as: "${check_text_is_same}" \(${displayed_length}\)\n</arg>
<doc>Logs the given message to the console.</doc>
<status status="NOT RUN" starttime="20241209 15:14:59.049" endtime="20241209 15:14:59.050"/>
</kw>
<status status="NOT RUN" starttime="20241209 15:14:59.048" endtime="20241209 15:14:59.050"/>
</branch>
<branch type="ELSE">
<kw name="Log To Console" library="BuiltIn">
<arg>Entered text "${value_with_symbol}" \(${entered_length}\) and text red from field: "${check_text_is_same}" \(${displayed_length}\) are not the same\n</arg>
<doc>Logs the given message to the console.</doc>
<status status="PASS" starttime="20241209 15:14:59.050" endtime="20241209 15:14:59.052"/>
</kw>
<status status="PASS" starttime="20241209 15:14:59.050" endtime="20241209 15:14:59.052"/>
</branch>
<status status="PASS" starttime="20241209 15:14:59.048" endtime="20241209 15:14:59.052"/>
</if>
<status status="PASS" starttime="20241209 15:14:56.487" endtime="20241209 15:14:59.053"/>
</branch>
<branch type="ELSE">
<kw name="Get Text" library="Browser">
<var>${error_message}</var>
<arg>${selector_settings_system_device_settings_device_error_message}</arg>
<tag>Assertion</tag>
<tag>Getter</tag>
<tag>PageContent</tag>
<doc>Returns text attribute of the element found by ``selector``.</doc>
<status status="NOT RUN" starttime="20241209 15:14:59.053" endtime="20241209 15:14:59.054"/>
</kw>
<kw name="Log To Console" library="BuiltIn">
<arg>Input value "${value_with_symbol}" is not accepted. Error message: "${error_message}". Save button is disabled\n</arg>
<doc>Logs the given message to the console.</doc>
<status status="NOT RUN" starttime="20241209 15:14:59.054" endtime="20241209 15:14:59.054"/>
</kw>
<status status="NOT RUN" starttime="20241209 15:14:59.053" endtime="20241209 15:14:59.055"/>
</branch>
<status status="PASS" starttime="20241209 15:14:56.487" endtime="20241209 15:14:59.055"/>
</if>
<status status="PASS" starttime="20241209 15:14:53.239" endtime="20241209 15:14:59.055"/>
</kw>
<kw name="Input Value With Restricted Symbols To Input Save And Read Back">
<arg>${selector_settings_system_device_settings_device_name_input}</arg>
<arg>${DEVICE_NAME_VALUES[1]}</arg>
<arg>${RESTRICTED_SYMBOLS[1]}</arg>
<arg>0</arg>
<kw name="Clear Text" library="Browser">
<arg>selector=${xpath}</arg>
<tag>PageContent</tag>
<tag>Setter</tag>
<doc>Clears the text field found by ``selector``.</doc>
<status status="PASS" starttime="20241209 15:14:59.070" endtime="20241209 15:14:59.345"/>
</kw>
<kw name="Add Symbol To Value At Place">
<var>${value_with_symbol}</var>
<arg>${value}</arg>
<arg>${symbol}</arg>
<arg>${place}</arg>
<kw name="Set Variable" library="BuiltIn">
<var>${insert_index}</var>
<arg>${place}</arg>
<doc>Returns the given values which can then be assigned to a variables.</doc>
<msg timestamp="20241209 15:14:59.348" level="INFO">${insert_index} = 0</msg>
<status status="PASS" starttime="20241209 15:14:59.347" endtime="20241209 15:14:59.348"/>
</kw>
<kw name="Insert String">
<var>${new_value}</var>
<arg>${value}</arg>
<arg>${symbol}</arg>
<arg>${insert_index}</arg>
<kw name="Set Variable" library="BuiltIn">
<var>${result}</var>
<arg>${original}[0:${index}]${insert}${original}[${index}:]</arg>
<doc>Returns the given values which can then be assigned to a variables.</doc>
<msg timestamp="20241209 15:14:59.350" level="INFO">${result} = _abcd1234</msg>
<status status="PASS" starttime="20241209 15:14:59.349" endtime="20241209 15:14:59.350"/>
</kw>
<msg timestamp="20241209 15:14:59.350" level="INFO">${new_value} = _abcd1234</msg>
<status status="PASS" starttime="20241209 15:14:59.348" endtime="20241209 15:14:59.351"/>
</kw>
<msg timestamp="20241209 15:14:59.351" level="INFO">${value_with_symbol} = _abcd1234</msg>
<status status="PASS" starttime="20241209 15:14:59.346" endtime="20241209 15:14:59.351"/>
</kw>
<kw name="Type Text" library="Browser">
<arg>selector=${xpath}</arg>
<arg>txt=${value_with_symbol}</arg>
<tag>PageContent</tag>
<tag>Setter</tag>
<doc>Types the given ``txt`` into the text field found by ``selector``.</doc>
<msg timestamp="20241209 15:14:59.352" level="INFO">Types the text '_abcd1234' in the given field.</msg>
<status status="PASS" starttime="20241209 15:14:59.352" endtime="20241209 15:14:59.909"/>
</kw>
<kw name="Log To Console" library="BuiltIn">
<arg>Trying to type in text: "${value}"\n</arg>
<doc>Logs the given message to the console.</doc>
<status status="PASS" starttime="20241209 15:14:59.910" endtime="20241209 15:14:59.912"/>
</kw>
<kw name="Run Keyword And Return Status" library="BuiltIn">
<var>${dialog_visible}</var>
<arg>Browser.Wait For Elements State</arg>
<arg>${selector_settings_system_device_settings_notification_dialog}</arg>
<arg>visible</arg>
<arg>2s</arg>
<doc>Runs the given keyword with given arguments and returns the status as a Boolean value.</doc>
<kw name="Wait For Elements State" library="Browser">
<arg>${selector_settings_system_device_settings_notification_dialog}</arg>
<arg>visible</arg>
<arg>2s</arg>
<tag>PageContent</tag>
<tag>Wait</tag>
<doc>Waits for the element found by ``selector`` to satisfy state option.</doc>
<msg timestamp="20241209 15:15:02.065" level="INFO" html="true">&lt;/td&gt;&lt;/tr&gt;&lt;tr&gt;&lt;td colspan="3"&gt;&lt;a href="browser/screenshot/fail-screenshot-3.png" target="_blank"&gt;&lt;img src="browser/screenshot/fail-screenshot-3.png" width="800px"/&gt;&lt;/a&gt;</msg>
<msg timestamp="20241209 15:15:02.066" level="INFO">See also file:///C:/QA/fx-gui-11/playwright-log.txt for additional details.</msg>
<msg timestamp="20241209 15:15:02.066" level="FAIL">TimeoutError: locator.waitFor: Timeout 2000ms exceeded.
Call log:
  - waiting for locator('//div[contains(@class, \'cdk-overlay-pane\') and contains(@class, \'custom-dialog-container\')]/mat-dialog-container') to be visible
</msg>
<status status="FAIL" starttime="20241209 15:14:59.913" endtime="20241209 15:15:02.067"/>
</kw>
<msg timestamp="20241209 15:15:02.068" level="INFO">${dialog_visible} = False</msg>
<status status="PASS" starttime="20241209 15:14:59.912" endtime="20241209 15:15:02.068"/>
</kw>
<if>
<branch type="IF" condition="$dialog_visible">
<kw name="Click" library="Browser">
<arg>${selector_settings_system_device_settings_notification_dialog_close_btn}</arg>
<tag>PageContent</tag>
<tag>Setter</tag>
<doc>Simulates mouse click on the element found by ``selector``.</doc>
<status status="NOT RUN" starttime="20241209 15:15:02.069" endtime="20241209 15:15:02.069"/>
</kw>
<status status="NOT RUN" starttime="20241209 15:15:02.068" endtime="20241209 15:15:02.069"/>
</branch>
<status status="PASS" starttime="20241209 15:15:02.068" endtime="20241209 15:15:02.070"/>
</if>
<kw name="Run Keyword And Return Status" library="BuiltIn">
<var>${save_enabled}</var>
<arg>Browser.Wait For Elements State</arg>
<arg>${selector_settings_system_device_settings_save_button_enabled}</arg>
<arg>visible</arg>
<arg>1s</arg>
<doc>Runs the given keyword with given arguments and returns the status as a Boolean value.</doc>
<kw name="Wait For Elements State" library="Browser">
<arg>${selector_settings_system_device_settings_save_button_enabled}</arg>
<arg>visible</arg>
<arg>1s</arg>
<tag>PageContent</tag>
<tag>Wait</tag>
<doc>Waits for the element found by ``selector`` to satisfy state option.</doc>
<msg timestamp="20241209 15:15:02.080" level="INFO">Waited for Element with selector xpath=//button[@data-qa-id='settings-system-device-save-button' and contains(@class, 'active')] at state visible</msg>
<status status="PASS" starttime="20241209 15:15:02.071" endtime="20241209 15:15:02.081"/>
</kw>
<msg timestamp="20241209 15:15:02.081" level="INFO">${save_enabled} = True</msg>
<status status="PASS" starttime="20241209 15:15:02.070" endtime="20241209 15:15:02.081"/>
</kw>
<if>
<branch type="IF" condition="$save_enabled">
<kw name="Click" library="Browser">
<arg>${selector_settings_system_device_settings_save_button_enabled}</arg>
<tag>PageContent</tag>
<tag>Setter</tag>
<doc>Simulates mouse click on the element found by ``selector``.</doc>
<msg timestamp="20241209 15:15:02.083" level="INFO">Clicks the element 'xpath=//button[@data-qa-id='settings-system-device-save-button' and contains(@class, 'active')]'.</msg>
<status status="PASS" starttime="20241209 15:15:02.082" endtime="20241209 15:15:02.372"/>
</kw>
<kw name="Run Keyword And Return Status" library="BuiltIn">
<var>${dialog_visible}</var>
<arg>Browser.Wait For Elements State</arg>
<arg>${selector_settings_system_device_settings_notification_dialog}</arg>
<arg>visible</arg>
<arg>2s</arg>
<doc>Runs the given keyword with given arguments and returns the status as a Boolean value.</doc>
<kw name="Wait For Elements State" library="Browser">
<arg>${selector_settings_system_device_settings_notification_dialog}</arg>
<arg>visible</arg>
<arg>2s</arg>
<tag>PageContent</tag>
<tag>Wait</tag>
<doc>Waits for the element found by ``selector`` to satisfy state option.</doc>
<msg timestamp="20241209 15:15:04.516" level="INFO" html="true">&lt;/td&gt;&lt;/tr&gt;&lt;tr&gt;&lt;td colspan="3"&gt;&lt;a href="browser/screenshot/fail-screenshot-4.png" target="_blank"&gt;&lt;img src="browser/screenshot/fail-screenshot-4.png" width="800px"/&gt;&lt;/a&gt;</msg>
<msg timestamp="20241209 15:15:04.516" level="INFO">See also file:///C:/QA/fx-gui-11/playwright-log.txt for additional details.</msg>
<msg timestamp="20241209 15:15:04.516" level="FAIL">TimeoutError: locator.waitFor: Timeout 2000ms exceeded.
Call log:
  - waiting for locator('//div[contains(@class, \'cdk-overlay-pane\') and contains(@class, \'custom-dialog-container\')]/mat-dialog-container') to be visible
</msg>
<status status="FAIL" starttime="20241209 15:15:02.375" endtime="20241209 15:15:04.517"/>
</kw>
<msg timestamp="20241209 15:15:04.518" level="INFO">${dialog_visible} = False</msg>
<status status="PASS" starttime="20241209 15:15:02.373" endtime="20241209 15:15:04.518"/>
</kw>
<if>
<branch type="IF" condition="$dialog_visible">
<kw name="Click" library="Browser">
<arg>${selector_settings_system_device_settings_notification_dialog_close_btn}</arg>
<tag>PageContent</tag>
<tag>Setter</tag>
<doc>Simulates mouse click on the element found by ``selector``.</doc>
<status status="NOT RUN" starttime="20241209 15:15:04.519" endtime="20241209 15:15:04.519"/>
</kw>
<status status="NOT RUN" starttime="20241209 15:15:04.518" endtime="20241209 15:15:04.520"/>
</branch>
<status status="PASS" starttime="20241209 15:15:04.518" endtime="20241209 15:15:04.520"/>
</if>
<kw name="Set Variable" library="BuiltIn">
<var>${calling_message}</var>
<arg>Setting ${xpath} with ${value}</arg>
<doc>Returns the given values which can then be assigned to a variables.</doc>
<msg timestamp="20241209 15:15:04.521" level="INFO">${calling_message} = Setting xpath=//input[@data-qa-id='settings-system-device-station-name'] with abcd1234</msg>
<status status="PASS" starttime="20241209 15:15:04.520" endtime="20241209 15:15:04.521"/>
</kw>
<kw name="Check Snackbar And Return Messages">
<var>${snackbar_status}</var>
<arg>calling_message=${calling_message}</arg>
<kw name="Run Keyword And Return Status" library="BuiltIn">
<var>${snackbar_visible}</var>
<arg>Browser.Wait For Elements State</arg>
<arg>${selector_settings_system_device_settings_device_snackbar_container}</arg>
<arg>visible</arg>
<arg>1s</arg>
<doc>Runs the given keyword with given arguments and returns the status as a Boolean value.</doc>
<kw name="Wait For Elements State" library="Browser">
<arg>${selector_settings_system_device_settings_device_snackbar_container}</arg>
<arg>visible</arg>
<arg>1s</arg>
<tag>PageContent</tag>
<tag>Wait</tag>
<doc>Waits for the element found by ``selector`` to satisfy state option.</doc>
<msg timestamp="20241209 15:15:04.531" level="INFO">Waited for Element with selector xpath=//div[contains(@class, 'snackbar-container')] at state visible</msg>
<status status="PASS" starttime="20241209 15:15:04.523" endtime="20241209 15:15:04.532"/>
</kw>
<msg timestamp="20241209 15:15:04.532" level="INFO">${snackbar_visible} = True</msg>
<status status="PASS" starttime="20241209 15:15:04.522" endtime="20241209 15:15:04.532"/>
</kw>
<if>
<branch type="IF" condition="$snackbar_visible">
<kw name="Get Text" library="Browser">
<var>${snackbar_left_message}</var>
<arg>${selector_settings_system_device_settings_device_snackbar_left_message}</arg>
<tag>Assertion</tag>
<tag>Getter</tag>
<tag>PageContent</tag>
<doc>Returns text attribute of the element found by ``selector``.</doc>
<msg timestamp="20241209 15:15:04.552" level="INFO">Text: 'Device settings updated'</msg>
<msg timestamp="20241209 15:15:04.553" level="INFO">${snackbar_left_message} = Device settings updated</msg>
<status status="PASS" starttime="20241209 15:15:04.533" endtime="20241209 15:15:04.553"/>
</kw>
<kw name="Get Text" library="Browser">
<var>${snackbar_action_message}</var>
<arg>${selector_settings_system_device_settings_device_snackbar_action_message}</arg>
<tag>Assertion</tag>
<tag>Getter</tag>
<tag>PageContent</tag>
<doc>Returns text attribute of the element found by ``selector``.</doc>
<msg timestamp="20241209 15:15:04.571" level="INFO">Text: 'Success'</msg>
<msg timestamp="20241209 15:15:04.571" level="INFO">${snackbar_action_message} = Success</msg>
<status status="PASS" starttime="20241209 15:15:04.554" endtime="20241209 15:15:04.572"/>
</kw>
<kw name="Return From Keyword" library="BuiltIn">
<arg>After "${calling_message}" Snackbar left message: "${snackbar_left_message}"; action message: "${snackbar_action_message}"\n</arg>
<doc>Returns from the enclosing user keyword.</doc>
<msg timestamp="20241209 15:15:04.573" level="INFO">Returning from the enclosing user keyword.</msg>
<status status="PASS" starttime="20241209 15:15:04.572" endtime="20241209 15:15:04.573"/>
</kw>
<status status="PASS" starttime="20241209 15:15:04.533" endtime="20241209 15:15:04.573"/>
</branch>
<branch type="ELSE">
<kw name="Return From Keyword" library="BuiltIn">
<arg>After "${calling_message}" Snackbar is not visible\n</arg>
<doc>Returns from the enclosing user keyword.</doc>
<status status="NOT RUN" starttime="20241209 15:15:04.574" endtime="20241209 15:15:04.574"/>
</kw>
<status status="NOT RUN" starttime="20241209 15:15:04.573" endtime="20241209 15:15:04.574"/>
</branch>
<status status="PASS" starttime="20241209 15:15:04.533" endtime="20241209 15:15:04.575"/>
</if>
<msg timestamp="20241209 15:15:04.575" level="INFO">${snackbar_status} = After "Setting xpath=//input[@data-qa-id='settings-system-device-station-name'] with abcd1234" Snackbar left message: "Device settings updated"; action message: "Success"
</msg>
<status status="PASS" starttime="20241209 15:15:04.521" endtime="20241209 15:15:04.575"/>
</kw>
<kw name="Log To Console" library="BuiltIn">
<arg>${snackbar_status}</arg>
<doc>Logs the given message to the console.</doc>
<status status="PASS" starttime="20241209 15:15:04.576" endtime="20241209 15:15:04.577"/>
</kw>
<kw name="Get Text" library="Browser">
<var>${check_text_is_same}</var>
<arg>selector=${xpath}</arg>
<tag>Assertion</tag>
<tag>Getter</tag>
<tag>PageContent</tag>
<doc>Returns text attribute of the element found by ``selector``.</doc>
<msg timestamp="20241209 15:15:04.593" level="INFO">Text: '_ABCD1234'</msg>
<msg timestamp="20241209 15:15:04.594" level="INFO">${check_text_is_same} = _ABCD1234</msg>
<status status="PASS" starttime="20241209 15:15:04.577" endtime="20241209 15:15:04.594"/>
</kw>
<kw name="Convert To Upper Case" library="String">
<var>${uppercase_value}</var>
<arg>${value_with_symbol}</arg>
<doc>Converts string to upper case.</doc>
<msg timestamp="20241209 15:15:04.595" level="INFO">${uppercase_value} = _ABCD1234</msg>
<status status="PASS" starttime="20241209 15:15:04.594" endtime="20241209 15:15:04.595"/>
</kw>
<kw name="Get Length" library="BuiltIn">
<var>${entered_length}</var>
<arg>${value_with_symbol}</arg>
<doc>Returns and logs the length of the given item as an integer.</doc>
<msg timestamp="20241209 15:15:04.596" level="INFO">Length is 9</msg>
<msg timestamp="20241209 15:15:04.596" level="INFO">${entered_length} = 9</msg>
<status status="PASS" starttime="20241209 15:15:04.596" endtime="20241209 15:15:04.596"/>
</kw>
<kw name="Get Length" library="BuiltIn">
<var>${displayed_length}</var>
<arg>${check_text_is_same}</arg>
<doc>Returns and logs the length of the given item as an integer.</doc>
<msg timestamp="20241209 15:15:04.597" level="INFO">Length is 9</msg>
<msg timestamp="20241209 15:15:04.597" level="INFO">${displayed_length} = 9</msg>
<status status="PASS" starttime="20241209 15:15:04.597" endtime="20241209 15:15:04.598"/>
</kw>
<if>
<branch type="IF" condition="$check_text_is_same == $uppercase_value">
<kw name="Log To Console" library="BuiltIn">
<arg>Entered text "${value_with_symbol}" \(${entered_length}\) is accepted and displayed as: "${check_text_is_same}" \(${displayed_length}\)\n</arg>
<doc>Logs the given message to the console.</doc>
<status status="PASS" starttime="20241209 15:15:04.599" endtime="20241209 15:15:04.600"/>
</kw>
<status status="PASS" starttime="20241209 15:15:04.598" endtime="20241209 15:15:04.600"/>
</branch>
<branch type="ELSE">
<kw name="Log To Console" library="BuiltIn">
<arg>Entered text "${value_with_symbol}" \(${entered_length}\) and text red from field: "${check_text_is_same}" \(${displayed_length}\) are not the same\n</arg>
<doc>Logs the given message to the console.</doc>
<status status="NOT RUN" starttime="20241209 15:15:04.601" endtime="20241209 15:15:04.601"/>
</kw>
<status status="NOT RUN" starttime="20241209 15:15:04.601" endtime="20241209 15:15:04.602"/>
</branch>
<status status="PASS" starttime="20241209 15:15:04.598" endtime="20241209 15:15:04.602"/>
</if>
<status status="PASS" starttime="20241209 15:15:02.082" endtime="20241209 15:15:04.602"/>
</branch>
<branch type="ELSE">
<kw name="Get Text" library="Browser">
<var>${error_message}</var>
<arg>${selector_settings_system_device_settings_device_error_message}</arg>
<tag>Assertion</tag>
<tag>Getter</tag>
<tag>PageContent</tag>
<doc>Returns text attribute of the element found by ``selector``.</doc>
<status status="NOT RUN" starttime="20241209 15:15:04.603" endtime="20241209 15:15:04.603"/>
</kw>
<kw name="Log To Console" library="BuiltIn">
<arg>Input value "${value_with_symbol}" is not accepted. Error message: "${error_message}". Save button is disabled\n</arg>
<doc>Logs the given message to the console.</doc>
<status status="NOT RUN" starttime="20241209 15:15:04.603" endtime="20241209 15:15:04.604"/>
</kw>
<status status="NOT RUN" starttime="20241209 15:15:04.602" endtime="20241209 15:15:04.604"/>
</branch>
<status status="PASS" starttime="20241209 15:15:02.082" endtime="20241209 15:15:04.604"/>
</if>
<status status="PASS" starttime="20241209 15:14:59.056" endtime="20241209 15:15:04.604"/>
</kw>
<kw name="Input Value With Restricted Symbols To Input Save And Read Back">
<arg>${selector_settings_system_device_settings_device_name_input}</arg>
<arg>${DEVICE_NAME_VALUES[1]}</arg>
<arg>${RESTRICTED_SYMBOLS[2]}</arg>
<arg>0</arg>
<kw name="Clear Text" library="Browser">
<arg>selector=${xpath}</arg>
<tag>PageContent</tag>
<tag>Setter</tag>
<doc>Clears the text field found by ``selector``.</doc>
<status status="PASS" starttime="20241209 15:15:04.619" endtime="20241209 15:15:04.894"/>
</kw>
<kw name="Add Symbol To Value At Place">
<var>${value_with_symbol}</var>
<arg>${value}</arg>
<arg>${symbol}</arg>
<arg>${place}</arg>
<kw name="Set Variable" library="BuiltIn">
<var>${insert_index}</var>
<arg>${place}</arg>
<doc>Returns the given values which can then be assigned to a variables.</doc>
<msg timestamp="20241209 15:15:04.896" level="INFO">${insert_index} = 0</msg>
<status status="PASS" starttime="20241209 15:15:04.895" endtime="20241209 15:15:04.896"/>
</kw>
<kw name="Insert String">
<var>${new_value}</var>
<arg>${value}</arg>
<arg>${symbol}</arg>
<arg>${insert_index}</arg>
<kw name="Set Variable" library="BuiltIn">
<var>${result}</var>
<arg>${original}[0:${index}]${insert}${original}[${index}:]</arg>
<doc>Returns the given values which can then be assigned to a variables.</doc>
<msg timestamp="20241209 15:15:04.898" level="INFO">${result} = +abcd1234</msg>
<status status="PASS" starttime="20241209 15:15:04.897" endtime="20241209 15:15:04.898"/>
</kw>
<msg timestamp="20241209 15:15:04.899" level="INFO">${new_value} = +abcd1234</msg>
<status status="PASS" starttime="20241209 15:15:04.897" endtime="20241209 15:15:04.899"/>
</kw>
<msg timestamp="20241209 15:15:04.899" level="INFO">${value_with_symbol} = +abcd1234</msg>
<status status="PASS" starttime="20241209 15:15:04.894" endtime="20241209 15:15:04.900"/>
</kw>
<kw name="Type Text" library="Browser">
<arg>selector=${xpath}</arg>
<arg>txt=${value_with_symbol}</arg>
<tag>PageContent</tag>
<tag>Setter</tag>
<doc>Types the given ``txt`` into the text field found by ``selector``.</doc>
<msg timestamp="20241209 15:15:04.901" level="INFO">Types the text '+abcd1234' in the given field.</msg>
<status status="PASS" starttime="20241209 15:15:04.900" endtime="20241209 15:15:05.454"/>
</kw>
<kw name="Log To Console" library="BuiltIn">
<arg>Trying to type in text: "${value}"\n</arg>
<doc>Logs the given message to the console.</doc>
<status status="PASS" starttime="20241209 15:15:05.455" endtime="20241209 15:15:05.456"/>
</kw>
<kw name="Run Keyword And Return Status" library="BuiltIn">
<var>${dialog_visible}</var>
<arg>Browser.Wait For Elements State</arg>
<arg>${selector_settings_system_device_settings_notification_dialog}</arg>
<arg>visible</arg>
<arg>2s</arg>
<doc>Runs the given keyword with given arguments and returns the status as a Boolean value.</doc>
<kw name="Wait For Elements State" library="Browser">
<arg>${selector_settings_system_device_settings_notification_dialog}</arg>
<arg>visible</arg>
<arg>2s</arg>
<tag>PageContent</tag>
<tag>Wait</tag>
<doc>Waits for the element found by ``selector`` to satisfy state option.</doc>
<msg timestamp="20241209 15:15:07.599" level="INFO" html="true">&lt;/td&gt;&lt;/tr&gt;&lt;tr&gt;&lt;td colspan="3"&gt;&lt;a href="browser/screenshot/fail-screenshot-5.png" target="_blank"&gt;&lt;img src="browser/screenshot/fail-screenshot-5.png" width="800px"/&gt;&lt;/a&gt;</msg>
<msg timestamp="20241209 15:15:07.599" level="INFO">See also file:///C:/QA/fx-gui-11/playwright-log.txt for additional details.</msg>
<msg timestamp="20241209 15:15:07.600" level="FAIL">TimeoutError: locator.waitFor: Timeout 2000ms exceeded.
Call log:
  - waiting for locator('//div[contains(@class, \'cdk-overlay-pane\') and contains(@class, \'custom-dialog-container\')]/mat-dialog-container') to be visible
</msg>
<status status="FAIL" starttime="20241209 15:15:05.457" endtime="20241209 15:15:07.601"/>
</kw>
<msg timestamp="20241209 15:15:07.601" level="INFO">${dialog_visible} = False</msg>
<status status="PASS" starttime="20241209 15:15:05.457" endtime="20241209 15:15:07.601"/>
</kw>
<if>
<branch type="IF" condition="$dialog_visible">
<kw name="Click" library="Browser">
<arg>${selector_settings_system_device_settings_notification_dialog_close_btn}</arg>
<tag>PageContent</tag>
<tag>Setter</tag>
<doc>Simulates mouse click on the element found by ``selector``.</doc>
<status status="NOT RUN" starttime="20241209 15:15:07.602" endtime="20241209 15:15:07.603"/>
</kw>
<status status="NOT RUN" starttime="20241209 15:15:07.602" endtime="20241209 15:15:07.603"/>
</branch>
<status status="PASS" starttime="20241209 15:15:07.602" endtime="20241209 15:15:07.603"/>
</if>
<kw name="Run Keyword And Return Status" library="BuiltIn">
<var>${save_enabled}</var>
<arg>Browser.Wait For Elements State</arg>
<arg>${selector_settings_system_device_settings_save_button_enabled}</arg>
<arg>visible</arg>
<arg>1s</arg>
<doc>Runs the given keyword with given arguments and returns the status as a Boolean value.</doc>
<kw name="Wait For Elements State" library="Browser">
<arg>${selector_settings_system_device_settings_save_button_enabled}</arg>
<arg>visible</arg>
<arg>1s</arg>
<tag>PageContent</tag>
<tag>Wait</tag>
<doc>Waits for the element found by ``selector`` to satisfy state option.</doc>
<msg timestamp="20241209 15:15:07.614" level="INFO">Waited for Element with selector xpath=//button[@data-qa-id='settings-system-device-save-button' and contains(@class, 'active')] at state visible</msg>
<status status="PASS" starttime="20241209 15:15:07.604" endtime="20241209 15:15:07.614"/>
</kw>
<msg timestamp="20241209 15:15:07.615" level="INFO">${save_enabled} = True</msg>
<status status="PASS" starttime="20241209 15:15:07.603" endtime="20241209 15:15:07.615"/>
</kw>
<if>
<branch type="IF" condition="$save_enabled">
<kw name="Click" library="Browser">
<arg>${selector_settings_system_device_settings_save_button_enabled}</arg>
<tag>PageContent</tag>
<tag>Setter</tag>
<doc>Simulates mouse click on the element found by ``selector``.</doc>
<msg timestamp="20241209 15:15:07.617" level="INFO">Clicks the element 'xpath=//button[@data-qa-id='settings-system-device-save-button' and contains(@class, 'active')]'.</msg>
<status status="PASS" starttime="20241209 15:15:07.616" endtime="20241209 15:15:07.908"/>
</kw>
<kw name="Run Keyword And Return Status" library="BuiltIn">
<var>${dialog_visible}</var>
<arg>Browser.Wait For Elements State</arg>
<arg>${selector_settings_system_device_settings_notification_dialog}</arg>
<arg>visible</arg>
<arg>2s</arg>
<doc>Runs the given keyword with given arguments and returns the status as a Boolean value.</doc>
<kw name="Wait For Elements State" library="Browser">
<arg>${selector_settings_system_device_settings_notification_dialog}</arg>
<arg>visible</arg>
<arg>2s</arg>
<tag>PageContent</tag>
<tag>Wait</tag>
<doc>Waits for the element found by ``selector`` to satisfy state option.</doc>
<msg timestamp="20241209 15:15:10.050" level="INFO" html="true">&lt;/td&gt;&lt;/tr&gt;&lt;tr&gt;&lt;td colspan="3"&gt;&lt;a href="browser/screenshot/fail-screenshot-6.png" target="_blank"&gt;&lt;img src="browser/screenshot/fail-screenshot-6.png" width="800px"/&gt;&lt;/a&gt;</msg>
<msg timestamp="20241209 15:15:10.051" level="INFO">See also file:///C:/QA/fx-gui-11/playwright-log.txt for additional details.</msg>
<msg timestamp="20241209 15:15:10.051" level="FAIL">TimeoutError: locator.waitFor: Timeout 2000ms exceeded.
Call log:
  - waiting for locator('//div[contains(@class, \'cdk-overlay-pane\') and contains(@class, \'custom-dialog-container\')]/mat-dialog-container') to be visible
</msg>
<status status="FAIL" starttime="20241209 15:15:07.909" endtime="20241209 15:15:10.052"/>
</kw>
<msg timestamp="20241209 15:15:10.053" level="INFO">${dialog_visible} = False</msg>
<status status="PASS" starttime="20241209 15:15:07.909" endtime="20241209 15:15:10.053"/>
</kw>
<if>
<branch type="IF" condition="$dialog_visible">
<kw name="Click" library="Browser">
<arg>${selector_settings_system_device_settings_notification_dialog_close_btn}</arg>
<tag>PageContent</tag>
<tag>Setter</tag>
<doc>Simulates mouse click on the element found by ``selector``.</doc>
<status status="NOT RUN" starttime="20241209 15:15:10.054" endtime="20241209 15:15:10.054"/>
</kw>
<status status="NOT RUN" starttime="20241209 15:15:10.053" endtime="20241209 15:15:10.054"/>
</branch>
<status status="PASS" starttime="20241209 15:15:10.053" endtime="20241209 15:15:10.055"/>
</if>
<kw name="Set Variable" library="BuiltIn">
<var>${calling_message}</var>
<arg>Setting ${xpath} with ${value}</arg>
<doc>Returns the given values which can then be assigned to a variables.</doc>
<msg timestamp="20241209 15:15:10.056" level="INFO">${calling_message} = Setting xpath=//input[@data-qa-id='settings-system-device-station-name'] with abcd1234</msg>
<status status="PASS" starttime="20241209 15:15:10.055" endtime="20241209 15:15:10.056"/>
</kw>
<kw name="Check Snackbar And Return Messages">
<var>${snackbar_status}</var>
<arg>calling_message=${calling_message}</arg>
<kw name="Run Keyword And Return Status" library="BuiltIn">
<var>${snackbar_visible}</var>
<arg>Browser.Wait For Elements State</arg>
<arg>${selector_settings_system_device_settings_device_snackbar_container}</arg>
<arg>visible</arg>
<arg>1s</arg>
<doc>Runs the given keyword with given arguments and returns the status as a Boolean value.</doc>
<kw name="Wait For Elements State" library="Browser">
<arg>${selector_settings_system_device_settings_device_snackbar_container}</arg>
<arg>visible</arg>
<arg>1s</arg>
<tag>PageContent</tag>
<tag>Wait</tag>
<doc>Waits for the element found by ``selector`` to satisfy state option.</doc>
<msg timestamp="20241209 15:15:10.066" level="INFO">Waited for Element with selector xpath=//div[contains(@class, 'snackbar-container')] at state visible</msg>
<status status="PASS" starttime="20241209 15:15:10.058" endtime="20241209 15:15:10.066"/>
</kw>
<msg timestamp="20241209 15:15:10.067" level="INFO">${snackbar_visible} = True</msg>
<status status="PASS" starttime="20241209 15:15:10.057" endtime="20241209 15:15:10.067"/>
</kw>
<if>
<branch type="IF" condition="$snackbar_visible">
<kw name="Get Text" library="Browser">
<var>${snackbar_left_message}</var>
<arg>${selector_settings_system_device_settings_device_snackbar_left_message}</arg>
<tag>Assertion</tag>
<tag>Getter</tag>
<tag>PageContent</tag>
<doc>Returns text attribute of the element found by ``selector``.</doc>
<msg timestamp="20241209 15:15:10.086" level="INFO">Text: 'Device settings updated'</msg>
<msg timestamp="20241209 15:15:10.087" level="INFO">${snackbar_left_message} = Device settings updated</msg>
<status status="PASS" starttime="20241209 15:15:10.068" endtime="20241209 15:15:10.087"/>
</kw>
<kw name="Get Text" library="Browser">
<var>${snackbar_action_message}</var>
<arg>${selector_settings_system_device_settings_device_snackbar_action_message}</arg>
<tag>Assertion</tag>
<tag>Getter</tag>
<tag>PageContent</tag>
<doc>Returns text attribute of the element found by ``selector``.</doc>
<msg timestamp="20241209 15:15:10.105" level="INFO">Text: 'Success'</msg>
<msg timestamp="20241209 15:15:10.106" level="INFO">${snackbar_action_message} = Success</msg>
<status status="PASS" starttime="20241209 15:15:10.087" endtime="20241209 15:15:10.106"/>
</kw>
<kw name="Return From Keyword" library="BuiltIn">
<arg>After "${calling_message}" Snackbar left message: "${snackbar_left_message}"; action message: "${snackbar_action_message}"\n</arg>
<doc>Returns from the enclosing user keyword.</doc>
<msg timestamp="20241209 15:15:10.107" level="INFO">Returning from the enclosing user keyword.</msg>
<status status="PASS" starttime="20241209 15:15:10.106" endtime="20241209 15:15:10.107"/>
</kw>
<status status="PASS" starttime="20241209 15:15:10.067" endtime="20241209 15:15:10.107"/>
</branch>
<branch type="ELSE">
<kw name="Return From Keyword" library="BuiltIn">
<arg>After "${calling_message}" Snackbar is not visible\n</arg>
<doc>Returns from the enclosing user keyword.</doc>
<status status="NOT RUN" starttime="20241209 15:15:10.108" endtime="20241209 15:15:10.108"/>
</kw>
<status status="NOT RUN" starttime="20241209 15:15:10.107" endtime="20241209 15:15:10.108"/>
</branch>
<status status="PASS" starttime="20241209 15:15:10.067" endtime="20241209 15:15:10.109"/>
</if>
<msg timestamp="20241209 15:15:10.109" level="INFO">${snackbar_status} = After "Setting xpath=//input[@data-qa-id='settings-system-device-station-name'] with abcd1234" Snackbar left message: "Device settings updated"; action message: "Success"
</msg>
<status status="PASS" starttime="20241209 15:15:10.056" endtime="20241209 15:15:10.109"/>
</kw>
<kw name="Log To Console" library="BuiltIn">
<arg>${snackbar_status}</arg>
<doc>Logs the given message to the console.</doc>
<status status="PASS" starttime="20241209 15:15:10.110" endtime="20241209 15:15:10.111"/>
</kw>
<kw name="Get Text" library="Browser">
<var>${check_text_is_same}</var>
<arg>selector=${xpath}</arg>
<tag>Assertion</tag>
<tag>Getter</tag>
<tag>PageContent</tag>
<doc>Returns text attribute of the element found by ``selector``.</doc>
<msg timestamp="20241209 15:15:10.127" level="INFO">Text: 'XABCD1234'</msg>
<msg timestamp="20241209 15:15:10.128" level="INFO">${check_text_is_same} = XABCD1234</msg>
<status status="PASS" starttime="20241209 15:15:10.111" endtime="20241209 15:15:10.128"/>
</kw>
<kw name="Convert To Upper Case" library="String">
<var>${uppercase_value}</var>
<arg>${value_with_symbol}</arg>
<doc>Converts string to upper case.</doc>
<msg timestamp="20241209 15:15:10.130" level="INFO">${uppercase_value} = +ABCD1234</msg>
<status status="PASS" starttime="20241209 15:15:10.129" endtime="20241209 15:15:10.130"/>
</kw>
<kw name="Get Length" library="BuiltIn">
<var>${entered_length}</var>
<arg>${value_with_symbol}</arg>
<doc>Returns and logs the length of the given item as an integer.</doc>
<msg timestamp="20241209 15:15:10.132" level="INFO">Length is 9</msg>
<msg timestamp="20241209 15:15:10.132" level="INFO">${entered_length} = 9</msg>
<status status="PASS" starttime="20241209 15:15:10.131" endtime="20241209 15:15:10.133"/>
</kw>
<kw name="Get Length" library="BuiltIn">
<var>${displayed_length}</var>
<arg>${check_text_is_same}</arg>
<doc>Returns and logs the length of the given item as an integer.</doc>
<msg timestamp="20241209 15:15:10.134" level="INFO">Length is 9</msg>
<msg timestamp="20241209 15:15:10.134" level="INFO">${displayed_length} = 9</msg>
<status status="PASS" starttime="20241209 15:15:10.133" endtime="20241209 15:15:10.134"/>
</kw>
<if>
<branch type="IF" condition="$check_text_is_same == $uppercase_value">
<kw name="Log To Console" library="BuiltIn">
<arg>Entered text "${value_with_symbol}" \(${entered_length}\) is accepted and displayed as: "${check_text_is_same}" \(${displayed_length}\)\n</arg>
<doc>Logs the given message to the console.</doc>
<status status="NOT RUN" starttime="20241209 15:15:10.135" endtime="20241209 15:15:10.136"/>
</kw>
<status status="NOT RUN" starttime="20241209 15:15:10.134" endtime="20241209 15:15:10.136"/>
</branch>
<branch type="ELSE">
<kw name="Log To Console" library="BuiltIn">
<arg>Entered text "${value_with_symbol}" \(${entered_length}\) and text red from field: "${check_text_is_same}" \(${displayed_length}\) are not the same\n</arg>
<doc>Logs the given message to the console.</doc>
<status status="PASS" starttime="20241209 15:15:10.137" endtime="20241209 15:15:10.139"/>
</kw>
<status status="PASS" starttime="20241209 15:15:10.137" endtime="20241209 15:15:10.140"/>
</branch>
<status status="PASS" starttime="20241209 15:15:10.134" endtime="20241209 15:15:10.140"/>
</if>
<status status="PASS" starttime="20241209 15:15:07.616" endtime="20241209 15:15:10.140"/>
</branch>
<branch type="ELSE">
<kw name="Get Text" library="Browser">
<var>${error_message}</var>
<arg>${selector_settings_system_device_settings_device_error_message}</arg>
<tag>Assertion</tag>
<tag>Getter</tag>
<tag>PageContent</tag>
<doc>Returns text attribute of the element found by ``selector``.</doc>
<status status="NOT RUN" starttime="20241209 15:15:10.142" endtime="20241209 15:15:10.142"/>
</kw>
<kw name="Log To Console" library="BuiltIn">
<arg>Input value "${value_with_symbol}" is not accepted. Error message: "${error_message}". Save button is disabled\n</arg>
<doc>Logs the given message to the console.</doc>
<status status="NOT RUN" starttime="20241209 15:15:10.143" endtime="20241209 15:15:10.143"/>
</kw>
<status status="NOT RUN" starttime="20241209 15:15:10.141" endtime="20241209 15:15:10.144"/>
</branch>
<status status="PASS" starttime="20241209 15:15:07.616" endtime="20241209 15:15:10.144"/>
</if>
<status status="PASS" starttime="20241209 15:15:04.605" endtime="20241209 15:15:10.144"/>
</kw>
<kw name="Input Value With Restricted Symbols To Input Save And Read Back">
<arg>${selector_settings_system_device_settings_device_name_input}</arg>
<arg>${DEVICE_NAME_VALUES[1]}</arg>
<arg>${RESTRICTED_SYMBOLS[3]}</arg>
<arg>0</arg>
<kw name="Clear Text" library="Browser">
<arg>selector=${xpath}</arg>
<tag>PageContent</tag>
<tag>Setter</tag>
<doc>Clears the text field found by ``selector``.</doc>
<status status="PASS" starttime="20241209 15:15:10.162" endtime="20241209 15:15:10.436"/>
</kw>
<kw name="Add Symbol To Value At Place">
<var>${value_with_symbol}</var>
<arg>${value}</arg>
<arg>${symbol}</arg>
<arg>${place}</arg>
<kw name="Set Variable" library="BuiltIn">
<var>${insert_index}</var>
<arg>${place}</arg>
<doc>Returns the given values which can then be assigned to a variables.</doc>
<msg timestamp="20241209 15:15:10.438" level="INFO">${insert_index} = 0</msg>
<status status="PASS" starttime="20241209 15:15:10.438" endtime="20241209 15:15:10.438"/>
</kw>
<kw name="Insert String">
<var>${new_value}</var>
<arg>${value}</arg>
<arg>${symbol}</arg>
<arg>${insert_index}</arg>
<kw name="Set Variable" library="BuiltIn">
<var>${result}</var>
<arg>${original}[0:${index}]${insert}${original}[${index}:]</arg>
<doc>Returns the given values which can then be assigned to a variables.</doc>
<msg timestamp="20241209 15:15:10.440" level="INFO">${result} = @abcd1234</msg>
<status status="PASS" starttime="20241209 15:15:10.439" endtime="20241209 15:15:10.440"/>
</kw>
<msg timestamp="20241209 15:15:10.441" level="INFO">${new_value} = @abcd1234</msg>
<status status="PASS" starttime="20241209 15:15:10.439" endtime="20241209 15:15:10.441"/>
</kw>
<msg timestamp="20241209 15:15:10.441" level="INFO">${value_with_symbol} = @abcd1234</msg>
<status status="PASS" starttime="20241209 15:15:10.437" endtime="20241209 15:15:10.441"/>
</kw>
<kw name="Type Text" library="Browser">
<arg>selector=${xpath}</arg>
<arg>txt=${value_with_symbol}</arg>
<tag>PageContent</tag>
<tag>Setter</tag>
<doc>Types the given ``txt`` into the text field found by ``selector``.</doc>
<msg timestamp="20241209 15:15:10.443" level="INFO">Types the text '@abcd1234' in the given field.</msg>
<status status="PASS" starttime="20241209 15:15:10.442" endtime="20241209 15:15:11.003"/>
</kw>
<kw name="Log To Console" library="BuiltIn">
<arg>Trying to type in text: "${value}"\n</arg>
<doc>Logs the given message to the console.</doc>
<status status="PASS" starttime="20241209 15:15:11.004" endtime="20241209 15:15:11.005"/>
</kw>
<kw name="Run Keyword And Return Status" library="BuiltIn">
<var>${dialog_visible}</var>
<arg>Browser.Wait For Elements State</arg>
<arg>${selector_settings_system_device_settings_notification_dialog}</arg>
<arg>visible</arg>
<arg>2s</arg>
<doc>Runs the given keyword with given arguments and returns the status as a Boolean value.</doc>
<kw name="Wait For Elements State" library="Browser">
<arg>${selector_settings_system_device_settings_notification_dialog}</arg>
<arg>visible</arg>
<arg>2s</arg>
<tag>PageContent</tag>
<tag>Wait</tag>
<doc>Waits for the element found by ``selector`` to satisfy state option.</doc>
<msg timestamp="20241209 15:15:13.151" level="INFO" html="true">&lt;/td&gt;&lt;/tr&gt;&lt;tr&gt;&lt;td colspan="3"&gt;&lt;a href="browser/screenshot/fail-screenshot-7.png" target="_blank"&gt;&lt;img src="browser/screenshot/fail-screenshot-7.png" width="800px"/&gt;&lt;/a&gt;</msg>
<msg timestamp="20241209 15:15:13.152" level="INFO">See also file:///C:/QA/fx-gui-11/playwright-log.txt for additional details.</msg>
<msg timestamp="20241209 15:15:13.152" level="FAIL">TimeoutError: locator.waitFor: Timeout 2000ms exceeded.
Call log:
  - waiting for locator('//div[contains(@class, \'cdk-overlay-pane\') and contains(@class, \'custom-dialog-container\')]/mat-dialog-container') to be visible
</msg>
<status status="FAIL" starttime="20241209 15:15:11.006" endtime="20241209 15:15:13.153"/>
</kw>
<msg timestamp="20241209 15:15:13.154" level="INFO">${dialog_visible} = False</msg>
<status status="PASS" starttime="20241209 15:15:11.005" endtime="20241209 15:15:13.154"/>
</kw>
<if>
<branch type="IF" condition="$dialog_visible">
<kw name="Click" library="Browser">
<arg>${selector_settings_system_device_settings_notification_dialog_close_btn}</arg>
<tag>PageContent</tag>
<tag>Setter</tag>
<doc>Simulates mouse click on the element found by ``selector``.</doc>
<status status="NOT RUN" starttime="20241209 15:15:13.155" endtime="20241209 15:15:13.155"/>
</kw>
<status status="NOT RUN" starttime="20241209 15:15:13.154" endtime="20241209 15:15:13.155"/>
</branch>
<status status="PASS" starttime="20241209 15:15:13.154" endtime="20241209 15:15:13.156"/>
</if>
<kw name="Run Keyword And Return Status" library="BuiltIn">
<var>${save_enabled}</var>
<arg>Browser.Wait For Elements State</arg>
<arg>${selector_settings_system_device_settings_save_button_enabled}</arg>
<arg>visible</arg>
<arg>1s</arg>
<doc>Runs the given keyword with given arguments and returns the status as a Boolean value.</doc>
<kw name="Wait For Elements State" library="Browser">
<arg>${selector_settings_system_device_settings_save_button_enabled}</arg>
<arg>visible</arg>
<arg>1s</arg>
<tag>PageContent</tag>
<tag>Wait</tag>
<doc>Waits for the element found by ``selector`` to satisfy state option.</doc>
<msg timestamp="20241209 15:15:13.166" level="INFO">Waited for Element with selector xpath=//button[@data-qa-id='settings-system-device-save-button' and contains(@class, 'active')] at state visible</msg>
<status status="PASS" starttime="20241209 15:15:13.157" endtime="20241209 15:15:13.167"/>
</kw>
<msg timestamp="20241209 15:15:13.167" level="INFO">${save_enabled} = True</msg>
<status status="PASS" starttime="20241209 15:15:13.156" endtime="20241209 15:15:13.168"/>
</kw>
<if>
<branch type="IF" condition="$save_enabled">
<kw name="Click" library="Browser">
<arg>${selector_settings_system_device_settings_save_button_enabled}</arg>
<tag>PageContent</tag>
<tag>Setter</tag>
<doc>Simulates mouse click on the element found by ``selector``.</doc>
<msg timestamp="20241209 15:15:13.169" level="INFO">Clicks the element 'xpath=//button[@data-qa-id='settings-system-device-save-button' and contains(@class, 'active')]'.</msg>
<status status="PASS" starttime="20241209 15:15:13.169" endtime="20241209 15:15:13.460"/>
</kw>
<kw name="Run Keyword And Return Status" library="BuiltIn">
<var>${dialog_visible}</var>
<arg>Browser.Wait For Elements State</arg>
<arg>${selector_settings_system_device_settings_notification_dialog}</arg>
<arg>visible</arg>
<arg>2s</arg>
<doc>Runs the given keyword with given arguments and returns the status as a Boolean value.</doc>
<kw name="Wait For Elements State" library="Browser">
<arg>${selector_settings_system_device_settings_notification_dialog}</arg>
<arg>visible</arg>
<arg>2s</arg>
<tag>PageContent</tag>
<tag>Wait</tag>
<doc>Waits for the element found by ``selector`` to satisfy state option.</doc>
<msg timestamp="20241209 15:15:15.604" level="INFO" html="true">&lt;/td&gt;&lt;/tr&gt;&lt;tr&gt;&lt;td colspan="3"&gt;&lt;a href="browser/screenshot/fail-screenshot-8.png" target="_blank"&gt;&lt;img src="browser/screenshot/fail-screenshot-8.png" width="800px"/&gt;&lt;/a&gt;</msg>
<msg timestamp="20241209 15:15:15.604" level="INFO">See also file:///C:/QA/fx-gui-11/playwright-log.txt for additional details.</msg>
<msg timestamp="20241209 15:15:15.605" level="FAIL">TimeoutError: locator.waitFor: Timeout 2000ms exceeded.
Call log:
  - waiting for locator('//div[contains(@class, \'cdk-overlay-pane\') and contains(@class, \'custom-dialog-container\')]/mat-dialog-container') to be visible
</msg>
<status status="FAIL" starttime="20241209 15:15:13.461" endtime="20241209 15:15:15.606"/>
</kw>
<msg timestamp="20241209 15:15:15.607" level="INFO">${dialog_visible} = False</msg>
<status status="PASS" starttime="20241209 15:15:13.460" endtime="20241209 15:15:15.607"/>
</kw>
<if>
<branch type="IF" condition="$dialog_visible">
<kw name="Click" library="Browser">
<arg>${selector_settings_system_device_settings_notification_dialog_close_btn}</arg>
<tag>PageContent</tag>
<tag>Setter</tag>
<doc>Simulates mouse click on the element found by ``selector``.</doc>
<status status="NOT RUN" starttime="20241209 15:15:15.608" endtime="20241209 15:15:15.609"/>
</kw>
<status status="NOT RUN" starttime="20241209 15:15:15.607" endtime="20241209 15:15:15.609"/>
</branch>
<status status="PASS" starttime="20241209 15:15:15.607" endtime="20241209 15:15:15.609"/>
</if>
<kw name="Set Variable" library="BuiltIn">
<var>${calling_message}</var>
<arg>Setting ${xpath} with ${value}</arg>
<doc>Returns the given values which can then be assigned to a variables.</doc>
<msg timestamp="20241209 15:15:15.610" level="INFO">${calling_message} = Setting xpath=//input[@data-qa-id='settings-system-device-station-name'] with abcd1234</msg>
<status status="PASS" starttime="20241209 15:15:15.609" endtime="20241209 15:15:15.610"/>
</kw>
<kw name="Check Snackbar And Return Messages">
<var>${snackbar_status}</var>
<arg>calling_message=${calling_message}</arg>
<kw name="Run Keyword And Return Status" library="BuiltIn">
<var>${snackbar_visible}</var>
<arg>Browser.Wait For Elements State</arg>
<arg>${selector_settings_system_device_settings_device_snackbar_container}</arg>
<arg>visible</arg>
<arg>1s</arg>
<doc>Runs the given keyword with given arguments and returns the status as a Boolean value.</doc>
<kw name="Wait For Elements State" library="Browser">
<arg>${selector_settings_system_device_settings_device_snackbar_container}</arg>
<arg>visible</arg>
<arg>1s</arg>
<tag>PageContent</tag>
<tag>Wait</tag>
<doc>Waits for the element found by ``selector`` to satisfy state option.</doc>
<msg timestamp="20241209 15:15:15.622" level="INFO">Waited for Element with selector xpath=//div[contains(@class, 'snackbar-container')] at state visible</msg>
<status status="PASS" starttime="20241209 15:15:15.613" endtime="20241209 15:15:15.622"/>
</kw>
<msg timestamp="20241209 15:15:15.622" level="INFO">${snackbar_visible} = True</msg>
<status status="PASS" starttime="20241209 15:15:15.612" endtime="20241209 15:15:15.623"/>
</kw>
<if>
<branch type="IF" condition="$snackbar_visible">
<kw name="Get Text" library="Browser">
<var>${snackbar_left_message}</var>
<arg>${selector_settings_system_device_settings_device_snackbar_left_message}</arg>
<tag>Assertion</tag>
<tag>Getter</tag>
<tag>PageContent</tag>
<doc>Returns text attribute of the element found by ``selector``.</doc>
<msg timestamp="20241209 15:15:15.641" level="INFO">Text: 'Device settings updated'</msg>
<msg timestamp="20241209 15:15:15.642" level="INFO">${snackbar_left_message} = Device settings updated</msg>
<status status="PASS" starttime="20241209 15:15:15.624" endtime="20241209 15:15:15.642"/>
</kw>
<kw name="Get Text" library="Browser">
<var>${snackbar_action_message}</var>
<arg>${selector_settings_system_device_settings_device_snackbar_action_message}</arg>
<tag>Assertion</tag>
<tag>Getter</tag>
<tag>PageContent</tag>
<doc>Returns text attribute of the element found by ``selector``.</doc>
<msg timestamp="20241209 15:15:15.661" level="INFO">Text: 'Success'</msg>
<msg timestamp="20241209 15:15:15.662" level="INFO">${snackbar_action_message} = Success</msg>
[...]
<status status="PASS" starttime="20241209 15:19:48.074" endtime="20241209 15:19:48.363"/>
</kw>
<kw name="Run Keyword And Return Status" library="BuiltIn">
<var>${dialog_visible}</var>
<arg>Browser.Wait For Elements State</arg>
<arg>${selector_settings_system_device_settings_notification_dialog}</arg>
<arg>visible</arg>
<arg>2s</arg>
<doc>Runs the given keyword with given arguments and returns the status as a Boolean value.</doc>
<kw name="Wait For Elements State" library="Browser">
<arg>${selector_settings_system_device_settings_notification_dialog}</arg>
<arg>visible</arg>
<arg>2s</arg>
<tag>PageContent</tag>
<tag>Wait</tag>
<doc>Waits for the element found by ``selector`` to satisfy state option.</doc>
<msg timestamp="20241209 15:19:50.506" level="INFO" html="true">&lt;/td&gt;&lt;/tr&gt;&lt;tr&gt;&lt;td colspan="3"&gt;&lt;a href="browser/screenshot/fail-screenshot-108.png" target="_blank"&gt;&lt;img src="browser/screenshot/fail-screenshot-108.png" width="800px"/&gt;&lt;/a&gt;</msg>
<msg timestamp="20241209 15:19:50.507" level="INFO">See also file:///C:/QA/fx-gui-11/playwright-log.txt for additional details.</msg>
<msg timestamp="20241209 15:19:50.507" level="FAIL">TimeoutError: locator.waitFor: Timeout 2000ms exceeded.
Call log:
  - waiting for locator('//div[contains(@class, \'cdk-overlay-pane\') and contains(@class, \'custom-dialog-container\')]/mat-dialog-container') to be visible
</msg>
<status status="FAIL" starttime="20241209 15:19:48.364" endtime="20241209 15:19:50.508"/>
</kw>
<msg timestamp="20241209 15:19:50.509" level="INFO">${dialog_visible} = False</msg>
<status status="PASS" starttime="20241209 15:19:48.364" endtime="20241209 15:19:50.509"/>
</kw>
<if>
<branch type="IF" condition="$dialog_visible">
<kw name="Click" library="Browser">
<arg>${selector_settings_system_device_settings_notification_dialog_close_btn}</arg>
<tag>PageContent</tag>
<tag>Setter</tag>
<doc>Simulates mouse click on the element found by ``selector``.</doc>
<status status="NOT RUN" starttime="20241209 15:19:50.510" endtime="20241209 15:19:50.510"/>
</kw>
<status status="NOT RUN" starttime="20241209 15:19:50.509" endtime="20241209 15:19:50.510"/>
</branch>
<status status="PASS" starttime="20241209 15:19:50.509" endtime="20241209 15:19:50.511"/>
</if>
<kw name="Set Variable" library="BuiltIn">
<var>${calling_message}</var>
<arg>Setting ${delay_input_xpath} with ${value}</arg>
<doc>Returns the given values which can then be assigned to a variables.</doc>
<msg timestamp="20241209 15:19:50.512" level="INFO">${calling_message} = Setting xpath=//input[@data-qa-id='settings-system-device-session-timeout'] with 1</msg>
<status status="PASS" starttime="20241209 15:19:50.511" endtime="20241209 15:19:50.512"/>
</kw>
<kw name="Get Current Date" library="DateTime">
<var>${start_time}</var>
<arg>result_format=${timestamp_format}</arg>
<doc>Returns current local or UTC time with an optional increment.</doc>
<msg timestamp="20241209 15:19:50.513" level="INFO">${start_time} = 2024-12-09 15:19:50.512924</msg>
<status status="PASS" starttime="20241209 15:19:50.512" endtime="20241209 15:19:50.513"/>
</kw>
<kw name="Check Snackbar And Return Messages">
<var>${snackbar_status}</var>
<arg>calling_message=${calling_message}</arg>
<kw name="Run Keyword And Return Status" library="BuiltIn">
<var>${snackbar_visible}</var>
<arg>Browser.Wait For Elements State</arg>
<arg>${selector_settings_system_device_settings_device_snackbar_container}</arg>
<arg>visible</arg>
<arg>1s</arg>
<doc>Runs the given keyword with given arguments and returns the status as a Boolean value.</doc>
<kw name="Wait For Elements State" library="Browser">
<arg>${selector_settings_system_device_settings_device_snackbar_container}</arg>
<arg>visible</arg>
<arg>1s</arg>
<tag>PageContent</tag>
<tag>Wait</tag>
<doc>Waits for the element found by ``selector`` to satisfy state option.</doc>
<msg timestamp="20241209 15:19:50.523" level="INFO">Waited for Element with selector xpath=//div[contains(@class, 'snackbar-container')] at state visible</msg>
<status status="PASS" starttime="20241209 15:19:50.515" endtime="20241209 15:19:50.523"/>
</kw>
<msg timestamp="20241209 15:19:50.524" level="INFO">${snackbar_visible} = True</msg>
<status status="PASS" starttime="20241209 15:19:50.514" endtime="20241209 15:19:50.524"/>
</kw>
<if>
<branch type="IF" condition="$snackbar_visible">
<kw name="Get Text" library="Browser">
<var>${snackbar_left_message}</var>
<arg>${selector_settings_system_device_settings_device_snackbar_left_message}</arg>
<tag>Assertion</tag>
<tag>Getter</tag>
<tag>PageContent</tag>
<doc>Returns text attribute of the element found by ``selector``.</doc>
<msg timestamp="20241209 15:19:50.543" level="INFO">Text: 'Device settings updated'</msg>
<msg timestamp="20241209 15:19:50.544" level="INFO">${snackbar_left_message} = Device settings updated</msg>
<status status="PASS" starttime="20241209 15:19:50.526" endtime="20241209 15:19:50.544"/>
</kw>
<kw name="Get Text" library="Browser">
<var>${snackbar_action_message}</var>
<arg>${selector_settings_system_device_settings_device_snackbar_action_message}</arg>
<tag>Assertion</tag>
<tag>Getter</tag>
<tag>PageContent</tag>
<doc>Returns text attribute of the element found by ``selector``.</doc>
<msg timestamp="20241209 15:19:50.561" level="INFO">Text: 'Success'</msg>
<msg timestamp="20241209 15:19:50.562" level="INFO">${snackbar_action_message} = Success</msg>
<status status="PASS" starttime="20241209 15:19:50.544" endtime="20241209 15:19:50.562"/>
</kw>
<kw name="Return From Keyword" library="BuiltIn">
<arg>After "${calling_message}" Snackbar left message: "${snackbar_left_message}"; action message: "${snackbar_action_message}"\n</arg>
<doc>Returns from the enclosing user keyword.</doc>
<msg timestamp="20241209 15:19:50.563" level="INFO">Returning from the enclosing user keyword.</msg>
<status status="PASS" starttime="20241209 15:19:50.563" endtime="20241209 15:19:50.563"/>
</kw>
<status status="PASS" starttime="20241209 15:19:50.525" endtime="20241209 15:19:50.564"/>
</branch>
<branch type="ELSE">
<kw name="Return From Keyword" library="BuiltIn">
<arg>After "${calling_message}" Snackbar is not visible\n</arg>
<doc>Returns from the enclosing user keyword.</doc>
<status status="NOT RUN" starttime="20241209 15:19:50.564" endtime="20241209 15:19:50.565"/>
</kw>
<status status="NOT RUN" starttime="20241209 15:19:50.564" endtime="20241209 15:19:50.565"/>
</branch>
<status status="PASS" starttime="20241209 15:19:50.525" endtime="20241209 15:19:50.565"/>
</if>
<msg timestamp="20241209 15:19:50.566" level="INFO">${snackbar_status} = After "Setting xpath=//input[@data-qa-id='settings-system-device-session-timeout'] with 1" Snackbar left message: "Device settings updated"; action message: "Success"
</msg>
<status status="PASS" starttime="20241209 15:19:50.514" endtime="20241209 15:19:50.566"/>
</kw>
<kw name="Log To Console" library="BuiltIn">
<arg>Snackbar: ${snackbar_status}</arg>
<doc>Logs the given message to the console.</doc>
<status status="PASS" starttime="20241209 15:19:50.566" endtime="20241209 15:19:50.567"/>
</kw>
<status status="PASS" starttime="20241209 15:19:48.073" endtime="20241209 15:19:50.568"/>
</branch>
<branch type="ELSE">
<kw name="Log To Console" library="BuiltIn">
<arg>Save Button disabled</arg>
<doc>Logs the given message to the console.</doc>
<status status="NOT RUN" starttime="20241209 15:19:50.569" endtime="20241209 15:19:50.570"/>
</kw>
<status status="NOT RUN" starttime="20241209 15:19:50.568" endtime="20241209 15:19:50.570"/>
</branch>
<status status="PASS" starttime="20241209 15:19:48.073" endtime="20241209 15:19:50.570"/>
</if>
<kw name="Logout" library="login">
<doc>This keyword will logout from the application. This only works if
we are logged in.</doc>
<kw name="Click" library="Browser">
<arg>${selector_logout_usermenu}</arg>
<tag>PageContent</tag>
<tag>Setter</tag>
<doc>Simulates mouse click on the element found by ``selector``.</doc>
<msg timestamp="20241209 15:19:50.573" level="INFO">Clicks the element 'xpath=//div[@id="user_menu"]'.</msg>
<status status="PASS" starttime="20241209 15:19:50.572" endtime="20241209 15:19:50.892"/>
</kw>
<kw name="Click" library="Browser">
<arg>${selector_logout_button}</arg>
<tag>PageContent</tag>
<tag>Setter</tag>
<doc>Simulates mouse click on the element found by ``selector``.</doc>
<msg timestamp="20241209 15:19:50.894" level="INFO">Clicks the element 'xpath=//button[@aria-label='Logout']'.</msg>
<status status="PASS" starttime="20241209 15:19:50.893" endtime="20241209 15:19:51.218"/>
</kw>
<kw name="Check login page is active" library="login">
<doc>This keyword will check if we are in login page</doc>
<kw name="Wait For Elements State" library="Browser">
<arg>${selector_username_field}</arg>
<arg>visible</arg>
<tag>PageContent</tag>
<tag>Wait</tag>
<doc>Waits for the element found by ``selector`` to satisfy state option.</doc>
<msg timestamp="20241209 15:19:51.226" level="INFO">Waited for Element with selector xpath=//input[@type="text"] at state visible</msg>
<status status="PASS" starttime="20241209 15:19:51.219" endtime="20241209 15:19:51.227"/>
</kw>
<kw name="Wait For Elements State" library="Browser">
<arg>${selector_login_button}</arg>
<arg>visible</arg>
<tag>PageContent</tag>
<tag>Wait</tag>
<doc>Waits for the element found by ``selector`` to satisfy state option.</doc>
<msg timestamp="20241209 15:19:51.233" level="INFO">Waited for Element with selector xpath=//button[@class="login_button"] at state visible</msg>
<status status="PASS" starttime="20241209 15:19:51.227" endtime="20241209 15:19:51.233"/>
</kw>
<kw name="Wait For Elements State" library="Browser">
<arg>${selector_version_info}</arg>
<arg>visible</arg>
<arg>timeout=5s</arg>
<tag>PageContent</tag>
<tag>Wait</tag>
<doc>Waits for the element found by ``selector`` to satisfy state option.</doc>
<msg timestamp="20241209 15:19:51.240" level="INFO">Waited for Element with selector xpath=//div[@class='version_info'] at state visible</msg>
<status status="PASS" starttime="20241209 15:19:51.234" endtime="20241209 15:19:51.240"/>
</kw>
<kw name="Get Text" library="Browser">
<var>${version_info}</var>
<arg>${selector_version_info}</arg>
<tag>Assertion</tag>
<tag>Getter</tag>
<tag>PageContent</tag>
<doc>Returns text attribute of the element found by ``selector``.</doc>
<msg timestamp="20241209 15:19:51.255" level="INFO">Text: '20.0.84'</msg>
<msg timestamp="20241209 15:19:51.256" level="INFO">${version_info} = 20.0.84</msg>
<status status="PASS" starttime="20241209 15:19:51.241" endtime="20241209 15:19:51.256"/>
</kw>
<kw name="Log To Console" library="BuiltIn">
<arg>${version_info}</arg>
<doc>Logs the given message to the console.</doc>
<status status="PASS" starttime="20241209 15:19:51.256" endtime="20241209 15:19:51.257"/>
</kw>
<status status="PASS" starttime="20241209 15:19:51.219" endtime="20241209 15:19:51.258"/>
</kw>
<status status="PASS" starttime="20241209 15:19:50.571" endtime="20241209 15:19:51.258"/>
</kw>
<kw name="Login with credentials" library="login">
<arg>system</arg>
<arg>24680</arg>
<doc>This keyword will login to the application with the given credentials.
This only works if we are in the login page.</doc>
<kw name="Fill text to username field" library="login">
<arg>${username}</arg>
<doc>This keyword will input text to username field</doc>
<kw name="Fill Text" library="Browser">
<arg>${selector_username_field}</arg>
<arg>${username}</arg>
<tag>PageContent</tag>
<tag>Setter</tag>
<doc>Clears and fills the given ``txt`` into the text field found by ``selector``.</doc>
<msg timestamp="20241209 15:19:51.260" level="INFO">Fills the text 'system' in the given field.</msg>
<status status="PASS" starttime="20241209 15:19:51.260" endtime="20241209 15:19:51.522"/>
</kw>
<status status="PASS" starttime="20241209 15:19:51.259" endtime="20241209 15:19:51.522"/>
</kw>
<kw name="Fill text to password field" library="login">
<arg>${password}</arg>
<doc>This keyword will input text to password field</doc>
<kw name="Fill Text" library="Browser">
<arg>${selector_password_field}</arg>
<arg>${password}</arg>
<tag>PageContent</tag>
<tag>Setter</tag>
<doc>Clears and fills the given ``txt`` into the text field found by ``selector``.</doc>
<msg timestamp="20241209 15:19:51.524" level="INFO">Fills the text '24680' in the given field.</msg>
<status status="PASS" starttime="20241209 15:19:51.524" endtime="20241209 15:19:51.786"/>
</kw>
<status status="PASS" starttime="20241209 15:19:51.523" endtime="20241209 15:19:51.787"/>
</kw>
<kw name="Click login button" library="login">
<kw name="Click" library="Browser">
<arg>${selector_login_button}</arg>
<tag>PageContent</tag>
<tag>Setter</tag>
<doc>Simulates mouse click on the element found by ``selector``.</doc>
<msg timestamp="20241209 15:19:51.788" level="INFO">Clicks the element 'xpath=//button[@class="login_button"]'.</msg>
<status status="PASS" starttime="20241209 15:19:51.788" endtime="20241209 15:19:52.061"/>
</kw>
<status status="PASS" starttime="20241209 15:19:51.787" endtime="20241209 15:19:52.062"/>
</kw>
<kw name="Validate logged in" library="login">
<kw name="Wait For Elements State" library="Browser">
<arg>${selector_topbar}</arg>
<arg>visible</arg>
<arg>2s</arg>
<tag>PageContent</tag>
<tag>Wait</tag>
<doc>Waits for the element found by ``selector`` to satisfy state option.</doc>
<msg timestamp="20241209 15:19:52.073" level="INFO">Waited for Element with selector xpath=//mat-toolbar[@id='header'] at state visible</msg>
<status status="PASS" starttime="20241209 15:19:52.063" endtime="20241209 15:19:52.073"/>
</kw>
<status status="PASS" starttime="20241209 15:19:52.062" endtime="20241209 15:19:52.074"/>
</kw>
<status status="PASS" starttime="20241209 15:19:51.258" endtime="20241209 15:19:52.074"/>
</kw>
<kw name="Evaluate" library="BuiltIn">
<var>${seconds}</var>
<arg>(${value} * 60)</arg>
<doc>Evaluates the given expression in Python and returns the result.</doc>
<msg timestamp="20241209 15:19:52.075" level="INFO">${seconds} = 60</msg>
<status status="PASS" starttime="20241209 15:19:52.075" endtime="20241209 15:19:52.076"/>
</kw>
<kw name="Evaluate" library="BuiltIn">
<var>${seconds_to_wait}</var>
<arg>(${value} * 60) + 60</arg>
<doc>Evaluates the given expression in Python and returns the result.</doc>
<msg timestamp="20241209 15:19:52.077" level="INFO">${seconds_to_wait} = 120</msg>
<status status="PASS" starttime="20241209 15:19:52.076" endtime="20241209 15:19:52.077"/>
</kw>
<kw name="Run Keyword And Return Status" library="BuiltIn">
<var>${start_page}</var>
<arg>Browser.Wait For Elements State</arg>
<arg>${selector_start_page_login_container}</arg>
<arg>visible</arg>
<arg>${seconds_to_wait}s</arg>
<doc>Runs the given keyword with given arguments and returns the status as a Boolean value.</doc>
<kw name="Wait For Elements State" library="Browser">
<arg>${selector_start_page_login_container}</arg>
<arg>visible</arg>
<arg>${seconds_to_wait}s</arg>
<tag>PageContent</tag>
<tag>Wait</tag>
<doc>Waits for the element found by ``selector`` to satisfy state option.</doc>
<msg timestamp="20241209 15:20:52.260" level="INFO">Waited for Element with selector xpath=//div[@class="login_container"] at state visible</msg>
<status status="PASS" starttime="20241209 15:19:52.078" endtime="20241209 15:20:52.261"/>
</kw>
<msg timestamp="20241209 15:20:52.262" level="INFO">${start_page} = True</msg>
<status status="PASS" starttime="20241209 15:19:52.077" endtime="20241209 15:20:52.262"/>
</kw>
<if>
<branch type="IF" condition="$start_page">
<kw name="Get Current Date" library="DateTime">
<var>${stop_time}</var>
<arg>result_format=${timestamp_format}</arg>
<doc>Returns current local or UTC time with an optional increment.</doc>
<msg timestamp="20241209 15:20:52.264" level="INFO">${stop_time} = 2024-12-09 15:20:52.263057</msg>
<status status="PASS" starttime="20241209 15:20:52.263" endtime="20241209 15:20:52.264"/>
</kw>
<kw name="Evaluate" library="BuiltIn">
<var>${duration}</var>
<arg>(datetime.datetime.strptime('${stop_time}', '${timestamp_format}') - datetime.datetime.strptime('${start_time}', '${timestamp_format}')).total_seconds()</arg>
<doc>Evaluates the given expression in Python and returns the result.</doc>
<msg timestamp="20241209 15:20:52.269" level="INFO">${duration} = 61.750133</msg>
<status status="PASS" starttime="20241209 15:20:52.264" endtime="20241209 15:20:52.270"/>
</kw>
<kw name="Log To Console" library="BuiltIn">
<arg>Session delay is set to ${value} min (${seconds} sec). Start page is displayed after ${duration} sec</arg>
<doc>Logs the given message to the console.</doc>
<status status="PASS" starttime="20241209 15:20:52.270" endtime="20241209 15:20:52.271"/>
</kw>
<status status="PASS" starttime="20241209 15:20:52.262" endtime="20241209 15:20:52.271"/>
</branch>
<branch type="ELSE">
<kw name="Get Current Date" library="DateTime">
<var>${stop_time}</var>
<arg>result_format=${timestamp_format}</arg>
<doc>Returns current local or UTC time with an optional increment.</doc>
<status status="NOT RUN" starttime="20241209 15:20:52.272" endtime="20241209 15:20:52.272"/>
</kw>
<kw name="Evaluate" library="BuiltIn">
<var>${duration}</var>
<arg>(datetime.datetime.strptime('${stop_time}', '${timestamp_format}') - datetime.datetime.strptime('${start_time}', '${timestamp_format}')).total_seconds()</arg>
<doc>Evaluates the given expression in Python and returns the result.</doc>
<status status="NOT RUN" starttime="20241209 15:20:52.273" endtime="20241209 15:20:52.273"/>
</kw>
<kw name="Log To Console" library="BuiltIn">
<arg>Session delay is set to ${value} min (${seconds} sec). Start page is not displayed after ${duration} sec</arg>
<doc>Logs the given message to the console.</doc>
<status status="NOT RUN" starttime="20241209 15:20:52.273" endtime="20241209 15:20:52.274"/>
</kw>
<status status="NOT RUN" starttime="20241209 15:20:52.272" endtime="20241209 15:20:52.274"/>
</branch>
<status status="PASS" starttime="20241209 15:20:52.262" endtime="20241209 15:20:52.274"/>
</if>
<status status="PASS" starttime="20241209 15:19:45.108" endtime="20241209 15:20:52.274"/>
</kw>
<kw name="Close Browser" library="Browser" type="TEARDOWN">
<tag>BrowserControl</tag>
<tag>Setter</tag>
<doc>Closes the current browser.</doc>
<msg timestamp="20241209 15:20:52.484" level="INFO">Closed browser</msg>
<status status="PASS" starttime="20241209 15:20:52.275" endtime="20241209 15:20:52.484"/>
</kw>
<doc>Check operation in Settings -&gt; System Settings Device -&gt; Device Settings</doc>
<status status="PASS" starttime="20241209 15:14:53.182" endtime="20241209 15:20:52.485"/>
</test>
<status status="PASS" starttime="20241209 15:14:46.655" endtime="20241209 15:20:52.493"/>
</suite>
<status status="PASS" starttime="20241209 15:14:44.833" endtime="20241209 15:20:52.499"/>
</suite>
<statistics>
<total>
<stat pass="1" fail="0" skip="0">All Tests</stat>
</total>
<tag>
</tag>
<suite>
<stat pass="1" fail="0" skip="0" id="s1" name="Robots">Robots</stat>
<stat pass="1" fail="0" skip="0" id="s1-s1" name="Settings System Device">Robots.Settings System Device</stat>
</suite>
</statistics>
<errors>
<msg timestamp="20241209 15:19:44.176" level="WARN">Keyword 'List Files In Directory' found both from a custom library 'SSHLibrary' and a standard library 'OperatingSystem'. The custom keyword is used. To select explicitly, and to get rid of this warning, use either 'SSHLibrary.List Files In Directory' or 'OperatingSystem.List Files In Directory'.</msg>
</errors>
</robot>
